mode: set
github.com/casapps/caspbx/src/server/store/memory.go:52.36,91.2 1 1
github.com/casapps/caspbx/src/server/store/memory.go:93.100,98.2 4 1
github.com/casapps/caspbx/src/server/store/memory.go:100.95,105.2 4 1
github.com/casapps/caspbx/src/server/store/memory.go:107.102,112.19 4 1
github.com/casapps/caspbx/src/server/store/memory.go:112.19,115.3 2 1
github.com/casapps/caspbx/src/server/store/memory.go:116.2,118.19 3 1
github.com/casapps/caspbx/src/server/store/memory.go:121.126,125.41 3 1
github.com/casapps/caspbx/src/server/store/memory.go:125.41,127.3 1 1
github.com/casapps/caspbx/src/server/store/memory.go:128.2,128.33 1 1
github.com/casapps/caspbx/src/server/store/memory.go:128.33,130.3 1 1
github.com/casapps/caspbx/src/server/store/memory.go:131.2,131.30 1 1
github.com/casapps/caspbx/src/server/store/memory.go:131.30,133.3 1 1
github.com/casapps/caspbx/src/server/store/memory.go:134.2,134.33 1 1
github.com/casapps/caspbx/src/server/store/memory.go:134.33,136.3 1 1
github.com/casapps/caspbx/src/server/store/memory.go:137.2,137.33 1 1
github.com/casapps/caspbx/src/server/store/memory.go:137.33,139.3 1 1
github.com/casapps/caspbx/src/server/store/memory.go:140.2,140.25 1 1
github.com/casapps/caspbx/src/server/store/memory.go:140.25,142.3 1 1
github.com/casapps/caspbx/src/server/store/memory.go:143.2,143.31 1 1
github.com/casapps/caspbx/src/server/store/memory.go:143.31,145.3 1 1
github.com/casapps/caspbx/src/server/store/memory.go:146.2,146.29 1 1
github.com/casapps/caspbx/src/server/store/memory.go:146.29,148.3 1 1
github.com/casapps/caspbx/src/server/store/memory.go:149.2,149.30 1 1
github.com/casapps/caspbx/src/server/store/memory.go:149.30,151.3 1 1
github.com/casapps/caspbx/src/server/store/memory.go:152.2,153.19 2 1
github.com/casapps/caspbx/src/server/store/memory.go:156.98,160.2 3 1
github.com/casapps/caspbx/src/server/store/memory.go:162.107,166.39 4 1
github.com/casapps/caspbx/src/server/store/memory.go:166.39,168.3 1 1
github.com/casapps/caspbx/src/server/store/memory.go:169.2,171.28 3 1
github.com/casapps/caspbx/src/server/store/memory.go:174.86,178.2 3 1
github.com/casapps/caspbx/src/server/store/memory.go:180.147,185.35 4 1
github.com/casapps/caspbx/src/server/store/memory.go:185.35,187.3 1 1
github.com/casapps/caspbx/src/server/store/memory.go:188.2,190.24 3 1
github.com/casapps/caspbx/src/server/store/memory.go:193.112,197.2 3 1
github.com/casapps/caspbx/src/server/store/memory.go:199.165,204.35 4 1
github.com/casapps/caspbx/src/server/store/memory.go:204.35,206.3 1 1
github.com/casapps/caspbx/src/server/store/memory.go:207.2,208.24 2 1
github.com/casapps/caspbx/src/server/store/memory.go:211.137,216.12 4 1
github.com/casapps/caspbx/src/server/store/memory.go:216.12,218.3 1 1
github.com/casapps/caspbx/src/server/store/memory.go:219.2,219.22 1 1
github.com/casapps/caspbx/src/server/store/memory.go:222.122,227.24 4 1
github.com/casapps/caspbx/src/server/store/memory.go:227.24,230.36 3 1
github.com/casapps/caspbx/src/server/store/memory.go:230.36,232.4 1 1
github.com/casapps/caspbx/src/server/store/memory.go:234.2,237.30 4 1
github.com/casapps/caspbx/src/server/store/memory.go:237.30,238.42 1 1
github.com/casapps/caspbx/src/server/store/memory.go:238.42,242.9 4 1
github.com/casapps/caspbx/src/server/store/memory.go:245.2,245.15 1 1
github.com/casapps/caspbx/src/server/store/memory.go:245.15,247.3 1 1
github.com/casapps/caspbx/src/server/store/memory.go:248.2,250.24 3 1
github.com/casapps/caspbx/src/server/store/memory.go:253.126,257.59 3 1
github.com/casapps/caspbx/src/server/store/memory.go:257.59,258.30 1 1
github.com/casapps/caspbx/src/server/store/memory.go:258.30,260.4 1 1
github.com/casapps/caspbx/src/server/store/memory.go:262.2,262.41 1 1
github.com/casapps/caspbx/src/server/store/memory.go:265.112,272.2 5 1
github.com/casapps/caspbx/src/server/store/memory.go:274.107,281.35 6 1
github.com/casapps/caspbx/src/server/store/memory.go:281.35,282.30 1 1
github.com/casapps/caspbx/src/server/store/memory.go:282.30,284.12 2 1
github.com/casapps/caspbx/src/server/store/memory.go:286.3,286.39 1 1
github.com/casapps/caspbx/src/server/store/memory.go:288.2,288.14 1 1
github.com/casapps/caspbx/src/server/store/memory.go:288.14,290.3 1 1
github.com/casapps/caspbx/src/server/store/memory.go:291.2,292.12 2 1
github.com/casapps/caspbx/src/server/store/memory.go:295.130,299.23 3 1
github.com/casapps/caspbx/src/server/store/memory.go:299.23,302.3 2 1
github.com/casapps/caspbx/src/server/store/memory.go:303.2,303.35 1 1
github.com/casapps/caspbx/src/server/store/memory.go:303.35,305.3 1 1
github.com/casapps/caspbx/src/server/store/memory.go:306.2,312.23 7 1
github.com/casapps/caspbx/src/server/store/memory.go:315.116,322.2 5 1
github.com/casapps/caspbx/src/server/store/memory.go:324.130,328.20 3 1
github.com/casapps/caspbx/src/server/store/memory.go:328.20,331.3 2 1
github.com/casapps/caspbx/src/server/store/memory.go:332.2,332.31 1 1
github.com/casapps/caspbx/src/server/store/memory.go:332.31,334.3 1 1
github.com/casapps/caspbx/src/server/store/memory.go:335.2,343.20 9 1
github.com/casapps/caspbx/src/server/store/memory.go:346.118,353.2 5 1
github.com/casapps/caspbx/src/server/store/memory.go:355.122,359.21 3 1
github.com/casapps/caspbx/src/server/store/memory.go:359.21,362.3 2 1
github.com/casapps/caspbx/src/server/store/memory.go:363.2,363.33 1 1
github.com/casapps/caspbx/src/server/store/memory.go:363.33,365.3 1 1
github.com/casapps/caspbx/src/server/store/memory.go:366.2,374.21 9 1
github.com/casapps/caspbx/src/server/store/memory.go:377.112,384.2 5 1
github.com/casapps/caspbx/src/server/store/memory.go:386.110,391.12 4 1
github.com/casapps/caspbx/src/server/store/memory.go:391.12,393.3 1 1
github.com/casapps/caspbx/src/server/store/memory.go:394.2,394.45 1 1
github.com/casapps/caspbx/src/server/store/memory.go:397.97,402.12 4 1
github.com/casapps/caspbx/src/server/store/memory.go:402.12,404.3 1 1
github.com/casapps/caspbx/src/server/store/memory.go:405.2,405.19 1 1
github.com/casapps/caspbx/src/server/store/memory.go:408.98,414.18 5 1
github.com/casapps/caspbx/src/server/store/memory.go:414.18,417.3 2 1
github.com/casapps/caspbx/src/server/store/memory.go:418.2,421.29 4 1
github.com/casapps/caspbx/src/server/store/memory.go:421.29,423.3 1 1
github.com/casapps/caspbx/src/server/store/memory.go:424.2,424.18 1 1
github.com/casapps/caspbx/src/server/store/memory.go:427.108,432.12 4 1
github.com/casapps/caspbx/src/server/store/memory.go:432.12,434.3 1 1
github.com/casapps/caspbx/src/server/store/memory.go:435.2,435.43 1 1
github.com/casapps/caspbx/src/server/store/memory.go:438.102,443.12 4 1
github.com/casapps/caspbx/src/server/store/memory.go:443.12,445.3 1 1
github.com/casapps/caspbx/src/server/store/memory.go:446.2,446.43 1 1
github.com/casapps/caspbx/src/server/store/memory.go:449.95,454.12 4 1
github.com/casapps/caspbx/src/server/store/memory.go:454.12,456.3 1 1
github.com/casapps/caspbx/src/server/store/memory.go:457.2,457.18 1 1
github.com/casapps/caspbx/src/server/store/memory.go:460.110,464.22 3 1
github.com/casapps/caspbx/src/server/store/memory.go:465.30,466.57 1 1
github.com/casapps/caspbx/src/server/store/memory.go:467.29,468.56 1 1
github.com/casapps/caspbx/src/server/store/memory.go:469.10,470.38 1 1
github.com/casapps/caspbx/src/server/store/memory.go:472.2,472.21 1 1
github.com/casapps/caspbx/src/server/store/memory.go:475.140,479.14 3 1
github.com/casapps/caspbx/src/server/store/memory.go:480.30,482.13 2 1
github.com/casapps/caspbx/src/server/store/memory.go:482.13,484.4 1 1
github.com/casapps/caspbx/src/server/store/memory.go:485.3,485.22 1 1
github.com/casapps/caspbx/src/server/store/memory.go:486.29,488.13 2 1
github.com/casapps/caspbx/src/server/store/memory.go:488.13,490.4 1 1
github.com/casapps/caspbx/src/server/store/memory.go:491.3,491.22 1 1
github.com/casapps/caspbx/src/server/store/memory.go:492.10,493.38 1 1
github.com/casapps/caspbx/src/server/store/memory.go:497.125,501.14 3 1
github.com/casapps/caspbx/src/server/store/memory.go:502.30,503.63 1 1
github.com/casapps/caspbx/src/server/store/memory.go:503.63,505.4 1 1
github.com/casapps/caspbx/src/server/store/memory.go:506.3,506.47 1 1
github.com/casapps/caspbx/src/server/store/memory.go:507.29,508.62 1 1
github.com/casapps/caspbx/src/server/store/memory.go:508.62,510.4 1 1
github.com/casapps/caspbx/src/server/store/memory.go:511.3,511.46 1 1
github.com/casapps/caspbx/src/server/store/memory.go:512.10,513.21 1 1
github.com/casapps/caspbx/src/server/store/memory.go:516.2,516.12 1 1
github.com/casapps/caspbx/src/server/store/memory.go:519.130,525.18 5 1
github.com/casapps/caspbx/src/server/store/memory.go:525.18,527.3 1 1
github.com/casapps/caspbx/src/server/store/memory.go:528.2,528.26 1 1
github.com/casapps/caspbx/src/server/store/memory.go:528.26,531.38 3 1
github.com/casapps/caspbx/src/server/store/memory.go:531.38,533.4 1 1
github.com/casapps/caspbx/src/server/store/memory.go:535.2,539.26 5 1
github.com/casapps/caspbx/src/server/store/memory.go:542.116,547.12 4 1
github.com/casapps/caspbx/src/server/store/memory.go:547.12,549.3 1 1
github.com/casapps/caspbx/src/server/store/memory.go:550.2,550.41 1 1
github.com/casapps/caspbx/src/server/store/memory.go:553.111,558.12 4 1
github.com/casapps/caspbx/src/server/store/memory.go:558.12,560.3 1 1
github.com/casapps/caspbx/src/server/store/memory.go:561.2,561.26 1 1
github.com/casapps/caspbx/src/server/store/memory.go:564.162,569.18 4 1
github.com/casapps/caspbx/src/server/store/memory.go:569.18,571.3 1 1
github.com/casapps/caspbx/src/server/store/memory.go:572.2,572.36 1 1
github.com/casapps/caspbx/src/server/store/memory.go:572.36,574.3 1 1
github.com/casapps/caspbx/src/server/store/memory.go:575.2,577.25 3 1
github.com/casapps/caspbx/src/server/store/memory.go:580.139,585.12 4 1
github.com/casapps/caspbx/src/server/store/memory.go:585.12,587.3 1 1
github.com/casapps/caspbx/src/server/store/memory.go:588.2,588.25 1 1
github.com/casapps/caspbx/src/server/store/memory.go:591.142,595.20 3 1
github.com/casapps/caspbx/src/server/store/memory.go:595.20,598.3 2 1
github.com/casapps/caspbx/src/server/store/memory.go:599.2,599.31 1 1
github.com/casapps/caspbx/src/server/store/memory.go:599.31,601.3 1 1
github.com/casapps/caspbx/src/server/store/memory.go:602.2,603.20 2 1
github.com/casapps/caspbx/src/server/store/memory.go:606.119,611.12 4 1
github.com/casapps/caspbx/src/server/store/memory.go:611.12,613.3 1 1
github.com/casapps/caspbx/src/server/store/memory.go:614.2,614.20 1 1
github.com/casapps/caspbx/src/server/store/memory.go:617.144,621.52 3 1
github.com/casapps/caspbx/src/server/store/memory.go:621.52,622.55 1 1
github.com/casapps/caspbx/src/server/store/memory.go:622.55,624.4 1 1
github.com/casapps/caspbx/src/server/store/memory.go:626.2,626.48 1 1
github.com/casapps/caspbx/src/server/store/memory.go:629.125,634.52 4 1
github.com/casapps/caspbx/src/server/store/memory.go:634.52,635.28 1 1
github.com/casapps/caspbx/src/server/store/memory.go:635.28,637.4 1 1
github.com/casapps/caspbx/src/server/store/memory.go:639.2,639.21 1 1
github.com/casapps/caspbx/src/server/store/memory.go:642.124,648.18 5 1
github.com/casapps/caspbx/src/server/store/memory.go:648.18,650.3 1 1
github.com/casapps/caspbx/src/server/store/memory.go:651.2,651.20 1 1
github.com/casapps/caspbx/src/server/store/memory.go:651.20,654.32 3 1
github.com/casapps/caspbx/src/server/store/memory.go:654.32,656.4 1 1
github.com/casapps/caspbx/src/server/store/memory.go:658.2,661.20 4 1
github.com/casapps/caspbx/src/server/store/memory.go:664.111,669.12 4 1
github.com/casapps/caspbx/src/server/store/memory.go:669.12,671.3 1 1
github.com/casapps/caspbx/src/server/store/memory.go:672.2,672.20 1 1
github.com/casapps/caspbx/src/server/store/memory.go:675.120,680.12 4 1
github.com/casapps/caspbx/src/server/store/memory.go:680.12,682.3 1 1
github.com/casapps/caspbx/src/server/store/memory.go:683.2,683.47 1 1
github.com/casapps/caspbx/src/server/store/memory.go:686.112,688.2 1 1
github.com/casapps/caspbx/src/server/store/memory.go:690.100,695.49 4 1
github.com/casapps/caspbx/src/server/store/memory.go:695.49,697.3 1 1
github.com/casapps/caspbx/src/server/store/memory.go:698.2,698.21 1 1
github.com/casapps/caspbx/src/server/store/memory.go:701.155,706.49 4 1
github.com/casapps/caspbx/src/server/store/memory.go:706.49,707.65 1 1
github.com/casapps/caspbx/src/server/store/memory.go:707.65,709.4 1 1
github.com/casapps/caspbx/src/server/store/memory.go:711.2,711.21 1 1
github.com/casapps/caspbx/src/server/store/memory.go:714.91,719.12 4 1
github.com/casapps/caspbx/src/server/store/memory.go:719.12,721.3 1 1
github.com/casapps/caspbx/src/server/store/memory.go:722.2,724.12 3 1
github.com/casapps/caspbx/src/server/store/memory.go:727.102,731.19 3 1
github.com/casapps/caspbx/src/server/store/memory.go:731.19,734.3 2 1
github.com/casapps/caspbx/src/server/store/memory.go:736.2,736.25 1 1
github.com/casapps/caspbx/src/server/store/memory.go:737.29,738.51 1 1
github.com/casapps/caspbx/src/server/store/memory.go:739.28,740.50 1 1
github.com/casapps/caspbx/src/server/store/memory.go:741.27,742.49 1 1
github.com/casapps/caspbx/src/server/store/memory.go:743.10,744.36 1 1
github.com/casapps/caspbx/src/server/store/memory.go:747.2,747.19 1 1
github.com/casapps/caspbx/src/server/store/memory.go:750.139,754.19 3 1
github.com/casapps/caspbx/src/server/store/memory.go:755.29,757.13 2 1
github.com/casapps/caspbx/src/server/store/memory.go:757.13,759.4 1 1
github.com/casapps/caspbx/src/server/store/memory.go:760.3,760.20 1 1
github.com/casapps/caspbx/src/server/store/memory.go:761.28,763.13 2 1
github.com/casapps/caspbx/src/server/store/memory.go:763.13,765.4 1 1
github.com/casapps/caspbx/src/server/store/memory.go:766.3,766.20 1 1
github.com/casapps/caspbx/src/server/store/memory.go:767.27,769.13 2 1
github.com/casapps/caspbx/src/server/store/memory.go:769.13,771.4 1 1
github.com/casapps/caspbx/src/server/store/memory.go:772.3,772.20 1 1
github.com/casapps/caspbx/src/server/store/memory.go:773.10,774.36 1 1
github.com/casapps/caspbx/src/server/store/memory.go:778.126,782.19 3 1
github.com/casapps/caspbx/src/server/store/memory.go:783.29,784.61 1 1
github.com/casapps/caspbx/src/server/store/memory.go:784.61,786.4 1 1
github.com/casapps/caspbx/src/server/store/memory.go:787.3,787.45 1 1
github.com/casapps/caspbx/src/server/store/memory.go:788.28,789.60 1 1
github.com/casapps/caspbx/src/server/store/memory.go:789.60,791.4 1 1
github.com/casapps/caspbx/src/server/store/memory.go:792.3,792.44 1 1
github.com/casapps/caspbx/src/server/store/memory.go:793.27,794.59 1 1
github.com/casapps/caspbx/src/server/store/memory.go:794.59,796.4 1 1
github.com/casapps/caspbx/src/server/store/memory.go:797.3,797.43 1 1
github.com/casapps/caspbx/src/server/store/memory.go:798.10,799.21 1 1
github.com/casapps/caspbx/src/server/store/memory.go:802.2,802.12 1 1
github.com/casapps/caspbx/src/server/store/memory.go:805.107,806.30 1 1
github.com/casapps/caspbx/src/server/store/memory.go:806.30,807.41 1 1
github.com/casapps/caspbx/src/server/store/memory.go:807.41,810.4 2 1
github.com/casapps/caspbx/src/server/store/memory.go:812.2,812.36 1 1
github.com/casapps/caspbx/src/server/store/memory.go:815.108,816.30 1 1
github.com/casapps/caspbx/src/server/store/memory.go:816.30,817.38 1 1
github.com/casapps/caspbx/src/server/store/memory.go:817.38,820.4 2 1
github.com/casapps/caspbx/src/server/store/memory.go:822.2,822.33 1 1
github.com/casapps/caspbx/src/server/store/memory.go:825.97,826.30 1 1
github.com/casapps/caspbx/src/server/store/memory.go:826.30,827.39 1 1
github.com/casapps/caspbx/src/server/store/memory.go:827.39,830.4 2 1
github.com/casapps/caspbx/src/server/store/memory.go:832.2,832.34 1 1
github.com/casapps/caspbx/src/config/bool.go:28.44,30.27 2 1
github.com/casapps/caspbx/src/config/bool.go:30.27,32.3 1 1
github.com/casapps/caspbx/src/config/bool.go:33.2,33.54 1 1
github.com/casapps/caspbx/src/config/bool.go:33.54,35.3 1 1
github.com/casapps/caspbx/src/config/bool.go:36.2,36.53 1 1
github.com/casapps/caspbx/src/config/bool.go:36.53,38.3 1 1
github.com/casapps/caspbx/src/config/bool.go:39.2,39.61 1 1
github.com/casapps/caspbx/src/config/bool.go:42.34,45.2 2 1
github.com/casapps/caspbx/src/config/bool.go:47.33,50.2 2 1
github.com/casapps/caspbx/src/config/config.go:184.29,306.2 1 1
github.com/casapps/caspbx/src/config/config.go:308.48,312.38 3 1
github.com/casapps/caspbx/src/config/config.go:312.38,315.3 2 1
github.com/casapps/caspbx/src/config/config.go:317.2,317.68 1 1
github.com/casapps/caspbx/src/config/config.go:317.68,320.3 2 1
github.com/casapps/caspbx/src/config/config.go:322.2,323.34 2 1
github.com/casapps/caspbx/src/config/config.go:323.34,326.3 2 1
github.com/casapps/caspbx/src/config/config.go:326.8,328.3 1 1
github.com/casapps/caspbx/src/config/config.go:330.2,331.65 2 1
github.com/casapps/caspbx/src/config/config.go:331.65,334.3 2 1
github.com/casapps/caspbx/src/config/config.go:334.8,336.3 1 1
github.com/casapps/caspbx/src/config/config.go:338.2,338.53 1 1
github.com/casapps/caspbx/src/config/config.go:338.53,341.3 2 1
github.com/casapps/caspbx/src/config/config.go:342.2,342.51 1 1
github.com/casapps/caspbx/src/config/config.go:342.51,345.3 2 1
github.com/casapps/caspbx/src/config/config.go:346.2,346.52 1 1
github.com/casapps/caspbx/src/config/config.go:346.52,349.3 2 1
github.com/casapps/caspbx/src/config/config.go:350.2,350.51 1 1
github.com/casapps/caspbx/src/config/config.go:350.51,353.3 2 1
github.com/casapps/caspbx/src/config/config.go:355.2,355.90 1 1
github.com/casapps/caspbx/src/config/config.go:355.90,358.3 2 1
github.com/casapps/caspbx/src/config/config.go:359.2,359.52 1 1
github.com/casapps/caspbx/src/config/config.go:359.52,362.3 2 1
github.com/casapps/caspbx/src/config/config.go:364.2,364.55 1 1
github.com/casapps/caspbx/src/config/config.go:364.55,367.3 2 1
github.com/casapps/caspbx/src/config/config.go:368.2,368.55 1 1
github.com/casapps/caspbx/src/config/config.go:368.55,371.3 2 1
github.com/casapps/caspbx/src/config/config.go:372.2,372.60 1 1
github.com/casapps/caspbx/src/config/config.go:372.60,375.3 2 1
github.com/casapps/caspbx/src/config/config.go:376.2,376.54 1 1
github.com/casapps/caspbx/src/config/config.go:376.54,379.3 2 1
github.com/casapps/caspbx/src/config/config.go:380.2,380.54 1 1
github.com/casapps/caspbx/src/config/config.go:380.54,383.3 2 1
github.com/casapps/caspbx/src/config/config.go:384.2,384.59 1 1
github.com/casapps/caspbx/src/config/config.go:384.59,387.3 2 1
github.com/casapps/caspbx/src/config/config.go:388.2,388.144 1 1
github.com/casapps/caspbx/src/config/config.go:388.144,391.3 2 1
github.com/casapps/caspbx/src/config/config.go:392.2,392.150 1 1
github.com/casapps/caspbx/src/config/config.go:392.150,395.3 2 1
github.com/casapps/caspbx/src/config/config.go:397.2,397.47 1 1
github.com/casapps/caspbx/src/config/config.go:397.47,400.3 2 1
github.com/casapps/caspbx/src/config/config.go:401.2,401.49 1 1
github.com/casapps/caspbx/src/config/config.go:401.49,404.3 2 1
github.com/casapps/caspbx/src/config/config.go:406.2,406.51 1 1
github.com/casapps/caspbx/src/config/config.go:406.51,409.3 2 1
github.com/casapps/caspbx/src/config/config.go:410.2,410.49 1 1
github.com/casapps/caspbx/src/config/config.go:410.49,413.3 2 1
github.com/casapps/caspbx/src/config/config.go:415.2,415.42 1 1
github.com/casapps/caspbx/src/config/config.go:416.110,416.110 0 1
github.com/casapps/caspbx/src/config/config.go:417.10,419.77 2 1
github.com/casapps/caspbx/src/config/config.go:422.2,422.70 1 1
github.com/casapps/caspbx/src/config/config.go:422.70,425.3 2 1
github.com/casapps/caspbx/src/config/config.go:426.2,426.138 1 1
github.com/casapps/caspbx/src/config/config.go:426.138,429.3 2 1
github.com/casapps/caspbx/src/config/config.go:430.2,430.66 1 1
github.com/casapps/caspbx/src/config/config.go:430.66,433.3 2 1
github.com/casapps/caspbx/src/config/config.go:434.2,434.65 1 1
github.com/casapps/caspbx/src/config/config.go:434.65,437.3 2 1
github.com/casapps/caspbx/src/config/config.go:439.2,439.50 1 1
github.com/casapps/caspbx/src/config/config.go:439.50,442.3 2 1
github.com/casapps/caspbx/src/config/config.go:443.2,443.53 1 1
github.com/casapps/caspbx/src/config/config.go:443.53,445.3 1 1
github.com/casapps/caspbx/src/config/config.go:446.2,446.52 1 1
github.com/casapps/caspbx/src/config/config.go:446.52,448.3 1 1
github.com/casapps/caspbx/src/config/config.go:449.2,449.63 1 1
github.com/casapps/caspbx/src/config/config.go:449.63,452.3 2 1
github.com/casapps/caspbx/src/config/config.go:453.2,453.110 1 1
github.com/casapps/caspbx/src/config/config.go:453.110,456.3 2 1
github.com/casapps/caspbx/src/config/config.go:457.2,457.115 1 1
github.com/casapps/caspbx/src/config/config.go:457.115,460.3 2 1
github.com/casapps/caspbx/src/config/config.go:461.2,461.55 1 1
github.com/casapps/caspbx/src/config/config.go:461.55,463.3 1 1
github.com/casapps/caspbx/src/config/config.go:464.2,464.55 1 1
github.com/casapps/caspbx/src/config/config.go:464.55,466.3 1 1
github.com/casapps/caspbx/src/config/config.go:467.2,467.47 1 1
github.com/casapps/caspbx/src/config/config.go:467.47,469.3 1 1
github.com/casapps/caspbx/src/config/config.go:470.2,470.60 1 1
github.com/casapps/caspbx/src/config/config.go:470.60,473.3 2 1
github.com/casapps/caspbx/src/config/config.go:474.2,474.119 1 1
github.com/casapps/caspbx/src/config/config.go:474.119,477.3 2 1
github.com/casapps/caspbx/src/config/config.go:478.2,478.69 1 1
github.com/casapps/caspbx/src/config/config.go:478.69,481.3 2 1
github.com/casapps/caspbx/src/config/config.go:482.2,482.68 1 1
github.com/casapps/caspbx/src/config/config.go:482.68,485.3 2 1
github.com/casapps/caspbx/src/config/config.go:486.2,486.68 1 1
github.com/casapps/caspbx/src/config/config.go:486.68,489.3 2 1
github.com/casapps/caspbx/src/config/config.go:490.2,490.67 1 1
github.com/casapps/caspbx/src/config/config.go:490.67,493.3 2 1
github.com/casapps/caspbx/src/config/config.go:494.2,494.66 1 1
github.com/casapps/caspbx/src/config/config.go:494.66,497.3 2 1
github.com/casapps/caspbx/src/config/config.go:498.2,498.73 1 1
github.com/casapps/caspbx/src/config/config.go:498.73,501.3 2 1
github.com/casapps/caspbx/src/config/config.go:503.2,503.17 1 1
github.com/casapps/caspbx/src/config/config.go:506.46,512.2 5 1
github.com/casapps/caspbx/src/config/config.go:514.27,516.24 2 1
github.com/casapps/caspbx/src/config/config.go:516.24,518.3 1 1
github.com/casapps/caspbx/src/config/config.go:519.2,519.42 1 1
github.com/casapps/caspbx/src/config/config.go:522.43,531.2 1 1
github.com/casapps/caspbx/src/config/mode.go:15.40,16.17 1 1
github.com/casapps/caspbx/src/config/mode.go:17.26,18.23 1 1
github.com/casapps/caspbx/src/config/mode.go:19.10,20.22 1 1
github.com/casapps/caspbx/src/config/mode.go:24.50,25.51 1 1
github.com/casapps/caspbx/src/config/mode.go:26.32,27.32 1 1
github.com/casapps/caspbx/src/config/mode.go:28.28,29.33 1 1
github.com/casapps/caspbx/src/config/mode.go:30.10,31.69 1 1
github.com/casapps/caspbx/src/config/mode.go:35.88,36.16 1 1
github.com/casapps/caspbx/src/config/mode.go:36.16,38.24 2 1
github.com/casapps/caspbx/src/config/mode.go:38.24,40.4 1 1
github.com/casapps/caspbx/src/config/mode.go:41.3,41.27 1 1
github.com/casapps/caspbx/src/config/mode.go:44.2,44.24 1 1
github.com/casapps/caspbx/src/config/mode.go:44.24,46.24 2 1
github.com/casapps/caspbx/src/config/mode.go:46.24,48.4 1 1
github.com/casapps/caspbx/src/config/mode.go:51.2,51.26 1 1
github.com/casapps/caspbx/src/config/mode.go:54.91,55.17 1 1
github.com/casapps/caspbx/src/config/mode.go:55.17,57.3 1 1
github.com/casapps/caspbx/src/config/mode.go:58.2,58.32 1 1
github.com/casapps/caspbx/src/config/mode.go:61.68,62.18 1 1
github.com/casapps/caspbx/src/config/mode.go:62.18,64.3 1 1
github.com/casapps/caspbx/src/config/mode.go:65.2,65.25 1 1
github.com/casapps/caspbx/src/config/path.go:18.41,19.17 1 1
github.com/casapps/caspbx/src/config/path.go:19.17,21.3 1 1
github.com/casapps/caspbx/src/config/path.go:23.2,26.41 3 1
github.com/casapps/caspbx/src/config/path.go:26.41,28.3 1 1
github.com/casapps/caspbx/src/config/path.go:30.2,30.20 1 1
github.com/casapps/caspbx/src/config/path.go:33.48,34.19 1 1
github.com/casapps/caspbx/src/config/path.go:34.19,36.3 1 1
github.com/casapps/caspbx/src/config/path.go:37.2,37.23 1 1
github.com/casapps/caspbx/src/config/path.go:37.23,39.3 1 1
github.com/casapps/caspbx/src/config/path.go:40.2,40.39 1 1
github.com/casapps/caspbx/src/config/path.go:40.39,42.3 1 1
github.com/casapps/caspbx/src/config/path.go:43.2,43.51 1 1
github.com/casapps/caspbx/src/config/path.go:43.51,45.3 1 1
github.com/casapps/caspbx/src/config/path.go:46.2,46.12 1 1
github.com/casapps/caspbx/src/config/path.go:49.39,50.23 1 1
github.com/casapps/caspbx/src/config/path.go:50.23,52.3 1 1
github.com/casapps/caspbx/src/config/path.go:53.2,53.35 1 1
github.com/casapps/caspbx/src/config/path.go:53.35,55.3 1 1
github.com/casapps/caspbx/src/config/path.go:57.2,58.35 2 1
github.com/casapps/caspbx/src/config/path.go:58.35,59.20 1 1
github.com/casapps/caspbx/src/config/path.go:59.20,60.12 1 1
github.com/casapps/caspbx/src/config/path.go:62.3,62.78 1 1
github.com/casapps/caspbx/src/config/path.go:62.78,64.4 1 1
github.com/casapps/caspbx/src/config/path.go:67.2,67.12 1 1
github.com/casapps/caspbx/src/config/path.go:70.45,71.68 1 1
github.com/casapps/caspbx/src/config/path.go:71.68,73.3 1 1
github.com/casapps/caspbx/src/config/path.go:74.2,74.34 1 1
github.com/casapps/caspbx/src/config/path.go:77.53,78.71 1 1
github.com/casapps/caspbx/src/config/path.go:78.71,80.3 1 1
github.com/casapps/caspbx/src/config/path.go:81.2,81.35 1 1
github.com/casapps/caspbx/src/config/path.go:81.35,83.3 1 1
github.com/casapps/caspbx/src/config/path.go:85.2,87.35 3 1
github.com/casapps/caspbx/src/config/path.go:87.35,88.78 1 1
github.com/casapps/caspbx/src/config/path.go:88.78,90.4 1 1
github.com/casapps/caspbx/src/config/path.go:93.2,93.25 1 1
github.com/casapps/caspbx/src/config/runtime_paths.go:27.76,28.25 1 1
github.com/casapps/caspbx/src/config/runtime_paths.go:28.25,43.3 1 1
github.com/casapps/caspbx/src/config/runtime_paths.go:45.2,45.22 1 1
github.com/casapps/caspbx/src/config/runtime_paths.go:46.15,47.43 1 1
github.com/casapps/caspbx/src/config/runtime_paths.go:48.16,49.44 1 1
github.com/casapps/caspbx/src/config/runtime_paths.go:50.51,51.41 1 1
github.com/casapps/caspbx/src/config/runtime_paths.go:52.17,53.45 1 1
github.com/casapps/caspbx/src/config/runtime_paths.go:54.10,55.85 1 1
github.com/casapps/caspbx/src/config/runtime_paths.go:59.81,60.26 1 1
github.com/casapps/caspbx/src/config/runtime_paths.go:60.26,75.3 1 1
github.com/casapps/caspbx/src/config/runtime_paths.go:77.2,77.27 1 1
github.com/casapps/caspbx/src/config/runtime_paths.go:77.27,79.3 1 1
github.com/casapps/caspbx/src/config/runtime_paths.go:81.2,94.8 1 1
github.com/casapps/caspbx/src/config/runtime_paths.go:97.82,98.26 1 1
github.com/casapps/caspbx/src/config/runtime_paths.go:98.26,113.3 1 1
github.com/casapps/caspbx/src/config/runtime_paths.go:115.2,115.27 1 1
github.com/casapps/caspbx/src/config/runtime_paths.go:115.27,117.3 1 1
github.com/casapps/caspbx/src/config/runtime_paths.go:119.2,132.8 1 1
github.com/casapps/caspbx/src/config/runtime_paths.go:135.79,136.26 1 1
github.com/casapps/caspbx/src/config/runtime_paths.go:136.26,151.3 1 1
github.com/casapps/caspbx/src/config/runtime_paths.go:153.2,153.27 1 1
github.com/casapps/caspbx/src/config/runtime_paths.go:153.27,155.3 1 1
github.com/casapps/caspbx/src/config/runtime_paths.go:157.2,170.8 1 1
github.com/casapps/caspbx/src/config/runtime_paths.go:173.83,174.26 1 1
github.com/casapps/caspbx/src/config/runtime_paths.go:174.26,189.3 1 1
github.com/casapps/caspbx/src/config/runtime_paths.go:191.2,191.27 1 1
github.com/casapps/caspbx/src/config/runtime_paths.go:191.27,193.3 1 1
github.com/casapps/caspbx/src/config/runtime_paths.go:195.2,208.8 1 1
github.com/casapps/caspbx/src/client/client.go:5.39,7.2 1 1
github.com/casapps/caspbx/src/server/model/asterisk.go:53.43,64.2 1 1
github.com/casapps/caspbx/src/server/model/asterisk.go:66.78,68.48 2 1
github.com/casapps/caspbx/src/server/model/asterisk.go:68.48,69.38 1 1
github.com/casapps/caspbx/src/server/model/asterisk.go:69.38,71.4 1 1
github.com/casapps/caspbx/src/server/model/asterisk.go:73.2,73.36 1 1
github.com/casapps/caspbx/src/server/model/asterisk.go:76.73,78.48 2 1
github.com/casapps/caspbx/src/server/model/asterisk.go:78.48,79.27 1 1
github.com/casapps/caspbx/src/server/model/asterisk.go:79.27,81.4 1 1
github.com/casapps/caspbx/src/server/model/asterisk.go:83.2,84.18 2 1
github.com/casapps/caspbx/src/server/model/asterisk.go:87.64,96.83 2 1
github.com/casapps/caspbx/src/server/model/asterisk.go:96.83,102.3 1 1
github.com/casapps/caspbx/src/server/model/asterisk.go:103.2,103.72 1 1
github.com/casapps/caspbx/src/server/model/asterisk.go:103.72,109.3 1 1
github.com/casapps/caspbx/src/server/model/asterisk.go:110.2,110.108 1 1
github.com/casapps/caspbx/src/server/model/asterisk.go:110.108,116.3 1 1
github.com/casapps/caspbx/src/server/model/asterisk.go:117.2,117.43 1 1
github.com/casapps/caspbx/src/server/model/asterisk.go:117.43,123.3 1 1
github.com/casapps/caspbx/src/server/model/asterisk.go:124.2,124.38 1 1
github.com/casapps/caspbx/src/server/model/asterisk.go:124.38,135.3 2 1
github.com/casapps/caspbx/src/server/model/asterisk.go:136.2,136.68 1 1
github.com/casapps/caspbx/src/server/model/asterisk.go:136.68,142.3 1 1
github.com/casapps/caspbx/src/server/model/asterisk.go:143.2,143.37 1 1
github.com/casapps/caspbx/src/server/model/asterisk.go:143.37,149.3 1 1
github.com/casapps/caspbx/src/server/model/asterisk.go:150.2,150.47 1 1
github.com/casapps/caspbx/src/server/model/asterisk.go:150.47,156.3 1 1
github.com/casapps/caspbx/src/server/model/asterisk.go:158.2,159.17 2 1
github.com/casapps/caspbx/src/server/model/asterisk.go:162.66,163.27 1 1
github.com/casapps/caspbx/src/server/model/asterisk.go:163.27,164.80 1 1
github.com/casapps/caspbx/src/server/model/asterisk.go:164.80,166.4 1 1
github.com/casapps/caspbx/src/server/model/asterisk.go:168.2,168.14 1 1
github.com/casapps/caspbx/src/server/model/asterisk.go:171.58,173.45 2 1
github.com/casapps/caspbx/src/server/model/asterisk.go:173.45,174.84 1 1
github.com/casapps/caspbx/src/server/model/asterisk.go:174.84,176.4 1 1
github.com/casapps/caspbx/src/server/model/asterisk.go:178.2,178.14 1 1
github.com/casapps/caspbx/src/server/model/asterisk.go:181.66,182.92 1 1
github.com/casapps/caspbx/src/server/model/asterisk.go:182.92,184.3 1 1
github.com/casapps/caspbx/src/server/model/asterisk.go:187.55,204.82 2 1
github.com/casapps/caspbx/src/server/model/asterisk.go:204.82,206.3 1 1
github.com/casapps/caspbx/src/server/model/domain.go:84.51,106.2 1 1
github.com/casapps/caspbx/src/server/model/domain.go:108.47,110.2 1 1
github.com/casapps/caspbx/src/server/model/domain.go:112.76,114.18 2 1
github.com/casapps/caspbx/src/server/model/domain.go:114.18,116.3 1 1
github.com/casapps/caspbx/src/server/model/domain.go:117.2,117.103 1 1
github.com/casapps/caspbx/src/server/model/domain.go:117.103,119.3 1 1
github.com/casapps/caspbx/src/server/model/domain.go:121.2,124.46 3 1
github.com/casapps/caspbx/src/server/model/domain.go:124.46,126.3 1 1
github.com/casapps/caspbx/src/server/model/domain.go:128.2,129.21 2 1
github.com/casapps/caspbx/src/server/model/domain.go:129.21,131.3 1 1
github.com/casapps/caspbx/src/server/model/domain.go:133.2,134.38 2 1
github.com/casapps/caspbx/src/server/model/domain.go:134.38,136.3 1 1
github.com/casapps/caspbx/src/server/model/domain.go:137.2,137.59 1 1
github.com/casapps/caspbx/src/server/model/domain.go:137.59,139.3 1 1
github.com/casapps/caspbx/src/server/model/domain.go:141.2,141.54 1 1
github.com/casapps/caspbx/src/server/model/domain.go:141.54,142.52 1 1
github.com/casapps/caspbx/src/server/model/domain.go:142.52,144.4 1 1
github.com/casapps/caspbx/src/server/model/domain.go:147.2,147.61 1 1
github.com/casapps/caspbx/src/server/model/domain.go:147.61,148.71 1 1
github.com/casapps/caspbx/src/server/model/domain.go:148.71,150.4 1 1
github.com/casapps/caspbx/src/server/model/domain.go:153.2,153.31 1 1
github.com/casapps/caspbx/src/server/model/domain.go:153.31,154.45 1 1
github.com/casapps/caspbx/src/server/model/domain.go:154.45,156.4 1 1
github.com/casapps/caspbx/src/server/model/domain.go:159.2,160.68 2 1
github.com/casapps/caspbx/src/server/model/domain.go:160.68,162.3 1 1
github.com/casapps/caspbx/src/server/model/domain.go:164.2,164.12 1 1
github.com/casapps/caspbx/src/server/model/domain.go:167.102,168.30 1 1
github.com/casapps/caspbx/src/server/model/domain.go:168.30,170.3 1 1
github.com/casapps/caspbx/src/server/model/domain.go:171.2,171.23 1 1
github.com/casapps/caspbx/src/server/model/domain.go:171.23,173.3 1 1
github.com/casapps/caspbx/src/server/model/domain.go:174.2,174.22 1 1
github.com/casapps/caspbx/src/server/model/domain.go:174.22,176.3 1 1
github.com/casapps/caspbx/src/server/model/domain.go:177.2,177.19 1 1
github.com/casapps/caspbx/src/server/model/domain.go:177.19,179.3 1 1
github.com/casapps/caspbx/src/server/model/domain.go:180.2,180.26 1 1
github.com/casapps/caspbx/src/server/model/domain.go:183.44,185.2 1 1
github.com/casapps/caspbx/src/server/model/domain.go:187.71,188.45 1 1
github.com/casapps/caspbx/src/server/model/domain.go:188.45,190.3 1 1
github.com/casapps/caspbx/src/server/model/domain.go:191.2,191.33 1 1
github.com/casapps/caspbx/src/server/model/namespace.go:20.47,22.2 1 1
github.com/casapps/caspbx/src/server/model/namespace.go:24.40,26.45 2 1
github.com/casapps/caspbx/src/server/model/namespace.go:26.45,27.37 1 1
github.com/casapps/caspbx/src/server/model/namespace.go:27.37,29.4 1 1
github.com/casapps/caspbx/src/server/model/namespace.go:31.2,31.14 1 1
github.com/casapps/caspbx/src/server/model/operator.go:79.57,88.2 1 1
github.com/casapps/caspbx/src/server/model/operator.go:90.85,91.25 1 1
github.com/casapps/caspbx/src/server/model/operator.go:91.25,93.3 1 1
github.com/casapps/caspbx/src/server/model/operator.go:94.2,94.25 1 1
github.com/casapps/caspbx/src/server/model/operator.go:94.25,96.3 1 1
github.com/casapps/caspbx/src/server/model/operator.go:97.2,97.25 1 1
github.com/casapps/caspbx/src/server/model/operator.go:97.25,99.3 1 1
github.com/casapps/caspbx/src/server/model/operator.go:100.2,100.30 1 1
github.com/casapps/caspbx/src/server/model/operator.go:100.30,102.3 1 1
github.com/casapps/caspbx/src/server/model/operator.go:103.2,103.30 1 1
github.com/casapps/caspbx/src/server/model/operator.go:103.30,105.3 1 1
github.com/casapps/caspbx/src/server/model/operator.go:106.2,106.30 1 1
github.com/casapps/caspbx/src/server/model/operator.go:106.30,108.3 1 1
github.com/casapps/caspbx/src/server/model/operator.go:109.2,109.14 1 1
github.com/casapps/caspbx/src/server/model/operator.go:112.60,113.92 1 1
github.com/casapps/caspbx/src/server/model/operator.go:113.92,115.3 1 1
github.com/casapps/caspbx/src/server/model/operator.go:116.2,116.92 1 1
github.com/casapps/caspbx/src/server/model/operator.go:116.92,117.80 1 1
github.com/casapps/caspbx/src/server/model/operator.go:117.80,119.4 1 1
github.com/casapps/caspbx/src/server/model/operator.go:120.3,120.84 1 1
github.com/casapps/caspbx/src/server/model/operator.go:120.84,122.4 1 1
github.com/casapps/caspbx/src/server/model/operator.go:123.3,123.33 1 1
github.com/casapps/caspbx/src/server/model/operator.go:125.2,125.92 1 1
github.com/casapps/caspbx/src/server/model/operator.go:125.92,127.3 1 1
github.com/casapps/caspbx/src/server/model/operator.go:128.2,128.107 1 1
github.com/casapps/caspbx/src/server/model/operator.go:128.107,130.3 1 1
github.com/casapps/caspbx/src/server/model/operator.go:131.2,131.91 1 1
github.com/casapps/caspbx/src/server/model/operator.go:131.91,133.3 1 1
github.com/casapps/caspbx/src/server/model/operator.go:134.2,134.97 1 1
github.com/casapps/caspbx/src/server/model/operator.go:134.97,136.3 1 1
github.com/casapps/caspbx/src/server/model/org.go:67.63,77.2 1 1
github.com/casapps/caspbx/src/server/model/org.go:79.82,81.35 2 1
github.com/casapps/caspbx/src/server/model/org.go:81.35,83.3 1 1
github.com/casapps/caspbx/src/server/model/org.go:84.2,84.37 1 1
github.com/casapps/caspbx/src/server/model/org.go:84.37,86.3 1 1
github.com/casapps/caspbx/src/server/model/org.go:87.2,87.39 1 1
github.com/casapps/caspbx/src/server/model/org.go:87.39,89.3 1 1
github.com/casapps/caspbx/src/server/model/org.go:90.2,90.34 1 1
github.com/casapps/caspbx/src/server/model/org.go:90.34,92.3 1 1
github.com/casapps/caspbx/src/server/model/org.go:93.2,93.26 1 1
github.com/casapps/caspbx/src/server/model/org.go:93.26,95.3 1 1
github.com/casapps/caspbx/src/server/model/org.go:96.2,96.32 1 1
github.com/casapps/caspbx/src/server/model/org.go:96.32,98.3 1 1
github.com/casapps/caspbx/src/server/model/org.go:99.2,99.12 1 1
github.com/casapps/caspbx/src/server/model/org.go:102.117,109.9 2 1
github.com/casapps/caspbx/src/server/model/org.go:110.47,113.39 3 1
github.com/casapps/caspbx/src/server/model/org.go:114.26,117.41 3 1
github.com/casapps/caspbx/src/server/model/org.go:118.10,119.39 1 1
github.com/casapps/caspbx/src/server/model/org.go:122.2,122.16 1 1
github.com/casapps/caspbx/src/server/model/org.go:125.63,127.2 1 1
github.com/casapps/caspbx/src/server/model/pbx.go:117.31,128.2 1 1
github.com/casapps/caspbx/src/server/model/pbx.go:130.45,132.2 1 1
github.com/casapps/caspbx/src/server/model/pbx.go:134.43,135.36 1 1
github.com/casapps/caspbx/src/server/model/pbx.go:135.36,137.3 1 1
github.com/casapps/caspbx/src/server/model/pbx.go:138.2,138.12 1 1
github.com/casapps/caspbx/src/server/model/pbx.go:141.45,142.28 1 1
github.com/casapps/caspbx/src/server/model/pbx.go:142.28,144.3 1 1
github.com/casapps/caspbx/src/server/model/pbx.go:145.2,145.24 1 1
github.com/casapps/caspbx/src/server/model/pbx.go:145.24,147.3 1 1
github.com/casapps/caspbx/src/server/model/pbx.go:148.2,148.24 1 1
github.com/casapps/caspbx/src/server/model/pbx.go:148.24,150.3 1 1
github.com/casapps/caspbx/src/server/model/pbx.go:151.2,151.24 1 1
github.com/casapps/caspbx/src/server/model/pbx.go:151.24,153.3 1 1
github.com/casapps/caspbx/src/server/model/pbx.go:154.2,154.29 1 1
github.com/casapps/caspbx/src/server/model/pbx.go:154.29,156.3 1 1
github.com/casapps/caspbx/src/server/model/pbx.go:157.2,157.22 1 1
github.com/casapps/caspbx/src/server/model/pbx.go:157.22,159.3 1 1
github.com/casapps/caspbx/src/server/model/pbx.go:160.2,160.35 1 1
github.com/casapps/caspbx/src/server/model/pbx.go:160.35,162.3 1 1
github.com/casapps/caspbx/src/server/model/pbx.go:163.2,163.38 1 1
github.com/casapps/caspbx/src/server/model/pbx.go:163.38,165.3 1 1
github.com/casapps/caspbx/src/server/model/pbx.go:166.2,166.13 1 1
github.com/casapps/caspbx/src/server/model/pbx.go:169.33,170.77 1 1
github.com/casapps/caspbx/src/server/model/pbx.go:170.77,170.130 1 1
github.com/casapps/caspbx/src/server/model/pbx.go:171.2,171.65 1 1
github.com/casapps/caspbx/src/server/model/pbx.go:171.65,171.114 1 1
github.com/casapps/caspbx/src/server/model/pbx.go:172.2,172.73 1 1
github.com/casapps/caspbx/src/server/model/pbx.go:172.73,172.122 1 1
github.com/casapps/caspbx/src/server/model/pbx.go:173.2,173.65 1 1
github.com/casapps/caspbx/src/server/model/pbx.go:173.65,173.114 1 1
github.com/casapps/caspbx/src/server/model/pbx.go:174.2,174.80 1 1
github.com/casapps/caspbx/src/server/model/pbx.go:174.80,174.129 1 1
github.com/casapps/caspbx/src/server/model/pbx.go:175.2,175.59 1 1
github.com/casapps/caspbx/src/server/model/pbx.go:175.59,175.108 1 1
github.com/casapps/caspbx/src/server/model/pbx.go:176.2,176.98 1 1
github.com/casapps/caspbx/src/server/model/pbx.go:176.98,176.147 1 1
github.com/casapps/caspbx/src/server/model/pbx.go:177.2,177.107 1 1
github.com/casapps/caspbx/src/server/model/pbx.go:177.107,179.3 1 1
github.com/casapps/caspbx/src/server/model/session.go:25.54,27.2 1 1
github.com/casapps/caspbx/src/server/model/token.go:31.50,33.2 1 1
github.com/casapps/caspbx/src/server/model/user.go:110.49,112.2 1 1
github.com/casapps/caspbx/src/server/model/user.go:114.68,115.51 1 1
github.com/casapps/caspbx/src/server/model/user.go:116.16,117.37 1 1
github.com/casapps/caspbx/src/server/model/user.go:118.17,119.38 1 1
github.com/casapps/caspbx/src/server/model/user.go:120.18,121.39 1 1
github.com/casapps/caspbx/src/server/model/user.go:122.10,123.63 1 1
github.com/casapps/caspbx/src/server/model/user.go:127.56,128.9 1 1
github.com/casapps/caspbx/src/server/model/user.go:129.59,130.30 1 1
github.com/casapps/caspbx/src/server/model/user.go:131.36,132.29 1 1
github.com/casapps/caspbx/src/server/model/user.go:133.10,134.32 1 1
github.com/casapps/caspbx/src/server/model/user.go:138.43,140.20 2 1
github.com/casapps/caspbx/src/server/model/user.go:140.20,142.3 1 1
github.com/casapps/caspbx/src/server/model/user.go:143.2,143.43 1 1
github.com/casapps/caspbx/src/server/model/user.go:143.43,145.3 1 1
github.com/casapps/caspbx/src/server/model/user.go:146.2,146.23 1 1
github.com/casapps/caspbx/src/server/model/user.go:146.23,148.3 1 1
github.com/casapps/caspbx/src/server/model/user.go:149.2,149.24 1 1
github.com/casapps/caspbx/src/server/model/user.go:149.24,151.3 1 1
github.com/casapps/caspbx/src/server/model/user.go:152.2,152.44 1 1
github.com/casapps/caspbx/src/server/model/user.go:152.44,154.3 1 1
github.com/casapps/caspbx/src/server/model/user.go:155.2,155.146 1 1
github.com/casapps/caspbx/src/server/model/user.go:155.146,157.3 1 1
github.com/casapps/caspbx/src/server/model/user.go:158.2,158.30 1 1
github.com/casapps/caspbx/src/server/model/user.go:158.30,160.3 1 1
github.com/casapps/caspbx/src/server/model/user.go:161.2,161.56 1 1
github.com/casapps/caspbx/src/server/model/user.go:161.56,163.3 1 1
github.com/casapps/caspbx/src/server/model/user.go:164.2,164.63 1 1
github.com/casapps/caspbx/src/server/model/user.go:164.63,165.52 1 1
github.com/casapps/caspbx/src/server/model/user.go:165.52,167.4 1 1
github.com/casapps/caspbx/src/server/model/user.go:169.2,169.12 1 1
github.com/casapps/caspbx/src/server/model/user.go:172.42,174.2 1 1
github.com/casapps/caspbx/src/server/model/user.go:176.40,178.22 2 1
github.com/casapps/caspbx/src/server/model/user.go:178.22,180.3 1 1
github.com/casapps/caspbx/src/server/model/user.go:182.2,183.21 2 1
github.com/casapps/caspbx/src/server/model/user.go:183.21,185.3 1 1
github.com/casapps/caspbx/src/server/model/user.go:187.2,189.48 3 1
github.com/casapps/caspbx/src/server/model/user.go:189.48,191.3 1 1
github.com/casapps/caspbx/src/server/model/user.go:192.2,192.76 1 1
github.com/casapps/caspbx/src/server/model/user.go:192.76,194.3 1 1
github.com/casapps/caspbx/src/server/model/user.go:195.2,195.39 1 1
github.com/casapps/caspbx/src/server/model/user.go:195.39,197.3 1 1
github.com/casapps/caspbx/src/server/model/user.go:198.2,198.51 1 1
github.com/casapps/caspbx/src/server/model/user.go:198.51,200.3 1 1
github.com/casapps/caspbx/src/server/model/user.go:201.2,201.40 1 1
github.com/casapps/caspbx/src/server/model/user.go:201.40,203.3 1 1
github.com/casapps/caspbx/src/server/model/user.go:204.2,204.47 1 1
github.com/casapps/caspbx/src/server/model/user.go:204.47,206.3 1 1
github.com/casapps/caspbx/src/server/model/user.go:207.2,207.49 1 1
github.com/casapps/caspbx/src/server/model/user.go:207.49,209.3 1 1
github.com/casapps/caspbx/src/server/model/user.go:210.2,210.12 1 1
github.com/casapps/caspbx/src/server/model/user.go:213.37,216.21 3 1
github.com/casapps/caspbx/src/server/model/user.go:216.21,218.3 1 1
github.com/casapps/caspbx/src/server/model/user.go:220.2,223.26 4 1
github.com/casapps/caspbx/src/server/model/user.go:223.26,225.3 1 1
github.com/casapps/caspbx/src/server/model/user.go:227.2,228.24 2 1
github.com/casapps/caspbx/src/server/model/user.go:228.24,230.3 1 1
github.com/casapps/caspbx/src/server/model/user.go:232.2,233.89 2 1
github.com/casapps/caspbx/src/server/model/user.go:236.70,238.2 1 1
github.com/casapps/caspbx/src/server/model/user.go:240.46,242.2 1 1
github.com/casapps/caspbx/src/server/model/user.go:244.58,246.31 2 1
github.com/casapps/caspbx/src/server/model/user.go:246.31,248.3 1 1
github.com/casapps/caspbx/src/server/model/user.go:249.2,249.15 1 1
github.com/casapps/caspbx/src/server/model/user_communications.go:69.79,77.2 1 1
github.com/casapps/caspbx/src/server/model/user_communications.go:79.60,85.2 5 1
github.com/casapps/caspbx/src/server/model/user_communications.go:87.103,92.2 4 1
github.com/casapps/caspbx/src/server/model/user_communications.go:94.47,95.74 1 1
github.com/casapps/caspbx/src/server/model/user_communications.go:95.74,96.118 1 1
github.com/casapps/caspbx/src/server/model/user_communications.go:96.118,98.4 1 1
github.com/casapps/caspbx/src/server/model/user_communications.go:99.3,99.33 1 1
github.com/casapps/caspbx/src/server/model/user_communications.go:103.53,104.80 1 1
github.com/casapps/caspbx/src/server/model/user_communications.go:104.80,105.10 1 1
github.com/casapps/caspbx/src/server/model/user_communications.go:106.48,107.13 1 1
github.com/casapps/caspbx/src/server/model/user_communications.go:108.49,109.12 1 1
github.com/casapps/caspbx/src/server/model/user_communications.go:110.11,111.34 1 1
github.com/casapps/caspbx/src/server/model/user_communications.go:116.52,117.79 1 1
github.com/casapps/caspbx/src/server/model/user_communications.go:117.79,118.10 1 1
github.com/casapps/caspbx/src/server/model/user_communications.go:119.46,120.13 1 1
github.com/casapps/caspbx/src/server/model/user_communications.go:121.47,122.12 1 1
github.com/casapps/caspbx/src/server/model/user_communications.go:123.11,124.34 1 1
github.com/casapps/caspbx/src/server/model/user_communications.go:129.47,130.74 1 1
github.com/casapps/caspbx/src/server/model/user_communications.go:130.74,131.10 1 1
github.com/casapps/caspbx/src/server/model/user_communications.go:132.48,133.13 1 1
github.com/casapps/caspbx/src/server/model/user_communications.go:134.49,135.12 1 1
github.com/casapps/caspbx/src/server/model/user_communications.go:136.11,137.34 1 1
github.com/casapps/caspbx/src/main.go:23.13,25.2 1 1
github.com/casapps/caspbx/src/main.go:27.74,54.39 24 1
github.com/casapps/caspbx/src/main.go:54.39,57.3 2 1
github.com/casapps/caspbx/src/main.go:59.2,60.38 2 1
github.com/casapps/caspbx/src/main.go:60.38,62.3 1 1
github.com/casapps/caspbx/src/main.go:64.2,67.9 3 1
github.com/casapps/caspbx/src/main.go:68.17,70.11 2 1
github.com/casapps/caspbx/src/main.go:71.20,73.11 2 1
github.com/casapps/caspbx/src/main.go:74.19,78.11 4 1
github.com/casapps/caspbx/src/main.go:79.10,82.11 3 1
github.com/casapps/caspbx/src/main.go:86.48,119.2 1 1
github.com/casapps/caspbx/src/main.go:121.117,126.24 5 1
github.com/casapps/caspbx/src/main.go:126.24,128.3 1 1
github.com/casapps/caspbx/src/graphql/graphql.go:14.47,20.2 1 1
github.com/casapps/caspbx/src/graphql/graphql.go:22.45,23.71 1 1
github.com/casapps/caspbx/src/graphql/graphql.go:23.71,24.19 1 1
github.com/casapps/caspbx/src/graphql/graphql.go:25.40,27.41 2 1
github.com/casapps/caspbx/src/graphql/graphql.go:28.11,29.46 1 1
github.com/casapps/caspbx/src/swagger/swagger.go:15.71,22.2 1 1
github.com/casapps/caspbx/src/swagger/swagger.go:24.41,25.71 1 1
github.com/casapps/caspbx/src/swagger/swagger.go:25.71,26.19 1 1
github.com/casapps/caspbx/src/swagger/swagger.go:27.40,29.39 2 1
github.com/casapps/caspbx/src/swagger/swagger.go:30.11,31.46 1 1
github.com/casapps/caspbx/src/server/middleware.go:13.56,14.41 1 1
github.com/casapps/caspbx/src/server/middleware.go:14.41,16.3 1 1
github.com/casapps/caspbx/src/server/middleware.go:18.2,18.69 1 1
github.com/casapps/caspbx/src/server/middleware.go:18.69,20.3 1 1
github.com/casapps/caspbx/src/server/middleware.go:22.2,22.25 1 1
github.com/casapps/caspbx/src/server/middleware.go:25.73,26.9 1 1
github.com/casapps/caspbx/src/server/middleware.go:27.51,28.24 1 1
github.com/casapps/caspbx/src/server/middleware.go:29.52,30.24 1 1
github.com/casapps/caspbx/src/server/middleware.go:31.58,32.24 1 1
github.com/casapps/caspbx/src/server/middleware.go:35.2,39.53 2 1
github.com/casapps/caspbx/src/server/middleware.go:39.53,40.52 1 1
github.com/casapps/caspbx/src/server/middleware.go:40.52,42.4 1 1
github.com/casapps/caspbx/src/server/middleware.go:45.2,49.45 2 1
github.com/casapps/caspbx/src/server/middleware.go:49.45,50.48 1 1
github.com/casapps/caspbx/src/server/middleware.go:50.48,52.4 1 1
github.com/casapps/caspbx/src/server/middleware.go:55.2,55.21 1 1
github.com/casapps/caspbx/src/server/middleware.go:55.21,57.3 1 1
github.com/casapps/caspbx/src/server/middleware.go:59.2,59.23 1 1
github.com/casapps/caspbx/src/server/middleware.go:62.100,63.9 1 1
github.com/casapps/caspbx/src/server/middleware.go:64.46,65.24 1 1
github.com/casapps/caspbx/src/server/middleware.go:66.52,67.24 1 1
github.com/casapps/caspbx/src/server/middleware.go:68.58,69.24 1 1
github.com/casapps/caspbx/src/server/middleware.go:72.2,76.45 2 1
github.com/casapps/caspbx/src/server/middleware.go:76.45,77.48 1 1
github.com/casapps/caspbx/src/server/middleware.go:77.48,79.4 1 1
github.com/casapps/caspbx/src/server/middleware.go:82.2,82.21 1 1
github.com/casapps/caspbx/src/server/middleware.go:82.21,84.3 1 1
github.com/casapps/caspbx/src/server/middleware.go:86.2,86.23 1 1
github.com/casapps/caspbx/src/server/middleware.go:89.44,91.26 2 1
github.com/casapps/caspbx/src/server/middleware.go:91.26,93.3 1 1
github.com/casapps/caspbx/src/server/middleware.go:94.2,94.58 1 1
github.com/casapps/caspbx/src/server/routes.go:37.81,39.58 2 1
github.com/casapps/caspbx/src/server/routes.go:39.58,41.3 1 1
github.com/casapps/caspbx/src/server/routes.go:43.2,43.77 1 1
github.com/casapps/caspbx/src/server/routes.go:43.77,45.3 1 1
github.com/casapps/caspbx/src/server/routes.go:47.2,66.8 3 1
github.com/casapps/caspbx/src/server/routes.go:69.48,71.51 2 1
github.com/casapps/caspbx/src/server/routes.go:71.51,73.3 1 1
github.com/casapps/caspbx/src/server/routes.go:74.2,74.64 1 1
github.com/casapps/caspbx/src/server/routes.go:74.64,76.3 1 1
github.com/casapps/caspbx/src/server/routes.go:77.2,77.12 1 1
github.com/casapps/caspbx/src/server/routes.go:80.61,82.26 2 1
github.com/casapps/caspbx/src/server/routes.go:82.26,84.3 1 1
github.com/casapps/caspbx/src/server/routes.go:86.2,87.59 2 1
github.com/casapps/caspbx/src/server/routes.go:87.59,89.3 1 1
github.com/casapps/caspbx/src/server/routes.go:90.2,90.12 1 1
github.com/casapps/caspbx/src/server/routes.go:93.62,95.2 1 1
github.com/casapps/caspbx/src/server/routes.go:97.65,99.2 1 1
github.com/casapps/caspbx/src/server/routes.go:101.62,103.2 1 1
github.com/casapps/caspbx/src/server/routes.go:105.65,107.2 1 1
github.com/casapps/caspbx/src/server/routes.go:109.74,111.35 2 1
github.com/casapps/caspbx/src/server/routes.go:111.35,113.3 1 1
github.com/casapps/caspbx/src/server/routes.go:114.2,115.36 2 1
github.com/casapps/caspbx/src/server/routes.go:118.77,120.35 2 1
github.com/casapps/caspbx/src/server/routes.go:120.35,122.3 1 1
github.com/casapps/caspbx/src/server/routes.go:123.2,124.36 2 1
github.com/casapps/caspbx/src/server/routes.go:127.64,129.2 1 1
github.com/casapps/caspbx/src/server/routes.go:131.67,133.2 1 1
github.com/casapps/caspbx/src/server/routes.go:135.72,137.2 1 1
github.com/casapps/caspbx/src/server/routes.go:139.75,141.2 1 1
github.com/casapps/caspbx/src/server/routes.go:143.45,145.29 2 1
github.com/casapps/caspbx/src/server/routes.go:145.29,147.24 2 1
github.com/casapps/caspbx/src/server/routes.go:147.24,148.12 1 1
github.com/casapps/caspbx/src/server/routes.go:150.3,150.66 1 1
github.com/casapps/caspbx/src/server/routes.go:153.2,153.26 1 1
github.com/casapps/caspbx/src/server/routes.go:153.26,155.3 1 1
github.com/casapps/caspbx/src/server/routes.go:157.2,158.23 2 1
github.com/casapps/caspbx/src/server/routes.go:158.23,160.3 1 1
github.com/casapps/caspbx/src/server/routes.go:162.2,162.25 1 1
github.com/casapps/caspbx/src/server/server.go:27.75,29.23 2 1
github.com/casapps/caspbx/src/server/server.go:29.23,31.3 1 1
github.com/casapps/caspbx/src/server/server.go:32.2,32.39 1 1
github.com/casapps/caspbx/src/server/server.go:35.137,38.2 2 1
github.com/casapps/caspbx/src/server/server.go:40.213,42.27 2 1
github.com/casapps/caspbx/src/server/server.go:42.27,44.3 1 1
github.com/casapps/caspbx/src/server/server.go:46.2,51.121 2 1
github.com/casapps/caspbx/src/server/server.go:51.121,53.3 1 1
github.com/casapps/caspbx/src/server/server.go:54.2,103.68 24 1
github.com/casapps/caspbx/src/server/server.go:106.45,113.2 1 1
github.com/casapps/caspbx/src/server/server.go:115.39,117.2 1 1
github.com/casapps/caspbx/src/server/server.go:119.33,124.2 1 1
github.com/casapps/caspbx/src/server/server.go:126.91,129.2 2 1
github.com/casapps/caspbx/src/server/server.go:131.47,132.15 1 1
github.com/casapps/caspbx/src/server/server.go:133.16,134.33 1 1
github.com/casapps/caspbx/src/server/server.go:135.14,136.31 1 1
github.com/casapps/caspbx/src/server/server.go:137.10,138.30 1 1
github.com/casapps/caspbx/src/server/server.go:142.49,144.2 1 1
github.com/casapps/caspbx/src/server/server.go:146.88,160.2 1 1
github.com/casapps/caspbx/src/server/server.go:162.50,164.47 2 1
github.com/casapps/caspbx/src/server/server.go:164.47,166.3 1 1
github.com/casapps/caspbx/src/server/server.go:167.2,167.39 1 1
github.com/casapps/caspbx/src/server/server.go:170.74,191.55 4 1
github.com/casapps/caspbx/src/server/server.go:191.55,193.3 1 1
github.com/casapps/caspbx/src/server/server.go:194.2,194.61 1 1
github.com/casapps/caspbx/src/server/server.go:194.61,196.3 1 1
github.com/casapps/caspbx/src/server/server.go:197.2,197.54 1 1
github.com/casapps/caspbx/src/server/server.go:197.54,199.3 1 1
github.com/casapps/caspbx/src/server/server.go:200.2,200.63 1 1
github.com/casapps/caspbx/src/server/server.go:200.63,202.3 1 1
github.com/casapps/caspbx/src/server/server.go:203.2,214.14 12 1
github.com/casapps/caspbx/src/server/server.go:217.45,218.31 1 1
github.com/casapps/caspbx/src/server/server.go:218.31,219.18 1 1
github.com/casapps/caspbx/src/server/server.go:219.18,221.4 1 1
github.com/casapps/caspbx/src/server/server.go:223.2,223.11 1 1
github.com/casapps/caspbx/src/server/service/asterisk.go:40.49,41.23 1 1
github.com/casapps/caspbx/src/server/service/asterisk.go:41.23,43.3 1 1
github.com/casapps/caspbx/src/server/service/asterisk.go:44.2,44.27 1 1
github.com/casapps/caspbx/src/server/service/asterisk.go:47.76,49.2 1 1
github.com/casapps/caspbx/src/server/service/asterisk.go:51.91,53.24 2 1
github.com/casapps/caspbx/src/server/service/asterisk.go:53.24,55.3 1 1
github.com/casapps/caspbx/src/server/service/asterisk.go:56.2,70.8 1 1
github.com/casapps/caspbx/src/server/service/asterisk.go:73.102,75.24 2 1
github.com/casapps/caspbx/src/server/service/asterisk.go:75.24,77.3 1 1
github.com/casapps/caspbx/src/server/service/asterisk.go:79.2,80.23 2 1
github.com/casapps/caspbx/src/server/service/asterisk.go:81.22,82.31 1 1
github.com/casapps/caspbx/src/server/service/asterisk.go:83.16,87.48 1 1
github.com/casapps/caspbx/src/server/service/asterisk.go:88.22,89.298 1 1
github.com/casapps/caspbx/src/server/service/asterisk.go:90.17,94.253 4 1
github.com/casapps/caspbx/src/server/service/asterisk.go:95.15,101.10 1 1
github.com/casapps/caspbx/src/server/service/asterisk.go:102.15,103.86 1 1
github.com/casapps/caspbx/src/server/service/asterisk.go:103.86,105.4 1 1
github.com/casapps/caspbx/src/server/service/asterisk.go:106.3,109.263 4 1
github.com/casapps/caspbx/src/server/service/asterisk.go:110.13,111.77 1 1
github.com/casapps/caspbx/src/server/service/asterisk.go:111.77,113.4 1 1
github.com/casapps/caspbx/src/server/service/asterisk.go:114.3,116.229 3 1
github.com/casapps/caspbx/src/server/service/asterisk.go:117.19,118.113 1 1
github.com/casapps/caspbx/src/server/service/asterisk.go:118.113,120.4 1 1
github.com/casapps/caspbx/src/server/service/asterisk.go:121.3,123.273 3 1
github.com/casapps/caspbx/src/server/service/asterisk.go:124.21,125.46 1 1
github.com/casapps/caspbx/src/server/service/asterisk.go:125.46,127.4 1 1
github.com/casapps/caspbx/src/server/service/asterisk.go:128.3,128.284 1 1
github.com/casapps/caspbx/src/server/service/asterisk.go:129.16,130.41 1 1
github.com/casapps/caspbx/src/server/service/asterisk.go:130.41,132.4 1 1
github.com/casapps/caspbx/src/server/service/asterisk.go:133.3,133.274 1 1
github.com/casapps/caspbx/src/server/service/asterisk.go:134.18,135.40 1 1
github.com/casapps/caspbx/src/server/service/asterisk.go:135.40,137.4 1 1
github.com/casapps/caspbx/src/server/service/asterisk.go:138.3,138.264 1 1
github.com/casapps/caspbx/src/server/service/asterisk.go:139.17,140.50 1 1
github.com/casapps/caspbx/src/server/service/asterisk.go:140.50,142.4 1 1
github.com/casapps/caspbx/src/server/service/asterisk.go:143.3,143.328 1 1
github.com/casapps/caspbx/src/server/service/asterisk.go:144.10,145.113 1 1
github.com/casapps/caspbx/src/server/service/asterisk.go:149.154,160.2 1 1
github.com/casapps/caspbx/src/server/service/asterisk.go:162.53,164.2 1 1
github.com/casapps/caspbx/src/server/service/asterisk.go:166.42,167.36 1 1
github.com/casapps/caspbx/src/server/service/asterisk.go:167.36,169.3 1 1
github.com/casapps/caspbx/src/server/service/asterisk.go:170.2,170.33 1 1
github.com/casapps/caspbx/src/server/service/asterisk.go:173.85,175.42 2 1
github.com/casapps/caspbx/src/server/service/asterisk.go:175.42,177.27 2 1
github.com/casapps/caspbx/src/server/service/asterisk.go:177.27,179.4 1 1
github.com/casapps/caspbx/src/server/service/asterisk.go:180.3,186.5 1 1
github.com/casapps/caspbx/src/server/service/asterisk.go:188.2,188.14 1 1
github.com/casapps/caspbx/src/server/service/asterisk.go:191.107,193.27 2 1
github.com/casapps/caspbx/src/server/service/asterisk.go:193.27,195.3 1 1
github.com/casapps/caspbx/src/server/service/asterisk.go:196.2,197.42 2 1
github.com/casapps/caspbx/src/server/service/asterisk.go:197.42,198.50 1 1
github.com/casapps/caspbx/src/server/service/asterisk.go:198.50,199.12 1 1
github.com/casapps/caspbx/src/server/service/asterisk.go:201.3,202.27 2 1
github.com/casapps/caspbx/src/server/service/asterisk.go:202.27,204.4 1 1
github.com/casapps/caspbx/src/server/service/asterisk.go:205.3,211.5 1 1
github.com/casapps/caspbx/src/server/service/asterisk.go:213.2,213.14 1 1
github.com/casapps/caspbx/src/server/service/asterisk.go:216.88,218.39 2 1
github.com/casapps/caspbx/src/server/service/asterisk.go:218.39,220.24 2 1
github.com/casapps/caspbx/src/server/service/asterisk.go:220.24,222.4 1 1
github.com/casapps/caspbx/src/server/service/asterisk.go:223.3,229.5 1 1
github.com/casapps/caspbx/src/server/service/asterisk.go:231.2,231.14 1 1
github.com/casapps/caspbx/src/server/service/asterisk.go:234.113,235.39 1 1
github.com/casapps/caspbx/src/server/service/asterisk.go:235.39,236.27 1 1
github.com/casapps/caspbx/src/server/service/asterisk.go:236.27,237.12 1 1
github.com/casapps/caspbx/src/server/service/asterisk.go:239.3,240.24 2 1
github.com/casapps/caspbx/src/server/service/asterisk.go:240.24,242.4 1 1
github.com/casapps/caspbx/src/server/service/asterisk.go:243.3,249.5 1 1
github.com/casapps/caspbx/src/server/service/asterisk.go:251.2,251.12 1 1
github.com/casapps/caspbx/src/server/service/asterisk.go:254.84,256.35 2 1
github.com/casapps/caspbx/src/server/service/asterisk.go:256.35,263.3 1 1
github.com/casapps/caspbx/src/server/service/asterisk.go:264.2,264.21 1 1
github.com/casapps/caspbx/src/server/service/asterisk.go:264.21,272.3 1 1
github.com/casapps/caspbx/src/server/service/asterisk.go:273.2,273.14 1 1
github.com/casapps/caspbx/src/server/service/asterisk.go:276.71,277.27 1 1
github.com/casapps/caspbx/src/server/service/asterisk.go:277.27,279.36 2 1
github.com/casapps/caspbx/src/server/service/asterisk.go:279.36,281.4 1 1
github.com/casapps/caspbx/src/server/service/asterisk.go:283.2,283.14 1 1
github.com/casapps/caspbx/src/server/service/asterisk.go:286.63,287.45 1 1
github.com/casapps/caspbx/src/server/service/asterisk.go:287.45,288.74 1 1
github.com/casapps/caspbx/src/server/service/asterisk.go:288.74,290.4 1 1
github.com/casapps/caspbx/src/server/service/asterisk.go:292.2,292.14 1 1
github.com/casapps/caspbx/src/server/service/auth.go:105.75,106.35 1 1
github.com/casapps/caspbx/src/server/service/auth.go:106.35,107.38 1 1
github.com/casapps/caspbx/src/server/service/auth.go:107.38,109.4 1 1
github.com/casapps/caspbx/src/server/service/auth.go:111.3,111.21 1 1
github.com/casapps/caspbx/src/server/service/auth.go:112.33,113.12 1 1
github.com/casapps/caspbx/src/server/service/auth.go:115.31,116.77 1 1
github.com/casapps/caspbx/src/server/service/auth.go:116.77,118.5 1 1
github.com/casapps/caspbx/src/server/service/auth.go:120.37,121.77 1 1
github.com/casapps/caspbx/src/server/service/auth.go:121.77,123.5 1 1
github.com/casapps/caspbx/src/server/service/auth.go:124.4,124.95 1 1
github.com/casapps/caspbx/src/server/service/auth.go:124.95,126.5 1 1
github.com/casapps/caspbx/src/server/service/auth.go:128.37,129.77 1 1
github.com/casapps/caspbx/src/server/service/auth.go:129.77,131.5 1 1
github.com/casapps/caspbx/src/server/service/auth.go:132.4,132.95 1 1
github.com/casapps/caspbx/src/server/service/auth.go:132.95,134.5 1 1
github.com/casapps/caspbx/src/server/service/auth.go:135.4,135.76 1 1
github.com/casapps/caspbx/src/server/service/auth.go:135.76,137.5 1 1
github.com/casapps/caspbx/src/server/service/auth.go:139.29,140.61 1 1
github.com/casapps/caspbx/src/server/service/auth.go:140.61,142.5 1 1
github.com/casapps/caspbx/src/server/service/auth.go:144.36,145.77 1 1
github.com/casapps/caspbx/src/server/service/auth.go:145.77,147.5 1 1
github.com/casapps/caspbx/src/server/service/auth.go:148.4,148.61 1 1
github.com/casapps/caspbx/src/server/service/auth.go:148.61,150.5 1 1
github.com/casapps/caspbx/src/server/service/auth.go:152.35,153.77 1 1
github.com/casapps/caspbx/src/server/service/auth.go:153.77,155.5 1 1
github.com/casapps/caspbx/src/server/service/auth.go:156.4,156.95 1 1
github.com/casapps/caspbx/src/server/service/auth.go:156.95,158.5 1 1
github.com/casapps/caspbx/src/server/service/auth.go:162.2,162.14 1 1
github.com/casapps/caspbx/src/server/service/auth.go:165.43,171.2 1 1
github.com/casapps/caspbx/src/server/service/auth.go:173.89,174.33 1 1
github.com/casapps/caspbx/src/server/service/auth.go:174.33,176.3 1 1
github.com/casapps/caspbx/src/server/service/auth.go:177.2,177.32 1 1
github.com/casapps/caspbx/src/server/service/auth.go:177.32,179.3 1 1
github.com/casapps/caspbx/src/server/service/auth.go:181.2,186.3 1 1
github.com/casapps/caspbx/src/server/service/auth.go:189.72,192.2 2 1
github.com/casapps/caspbx/src/server/service/auth.go:194.75,197.2 2 1
github.com/casapps/caspbx/src/server/service/auth.go:199.52,200.63 1 1
github.com/casapps/caspbx/src/server/service/auth.go:200.63,202.3 1 1
github.com/casapps/caspbx/src/server/service/auth.go:204.2,205.77 2 1
github.com/casapps/caspbx/src/server/service/auth.go:205.77,207.3 1 1
github.com/casapps/caspbx/src/server/service/auth.go:208.2,208.125 1 1
github.com/casapps/caspbx/src/server/service/auth.go:211.79,212.63 1 1
github.com/casapps/caspbx/src/server/service/auth.go:212.63,214.3 1 1
github.com/casapps/caspbx/src/server/service/auth.go:216.2,216.43 1 1
github.com/casapps/caspbx/src/server/service/auth.go:216.43,218.25 2 1
github.com/casapps/caspbx/src/server/service/auth.go:218.25,220.4 1 1
github.com/casapps/caspbx/src/server/service/auth.go:221.3,221.66 1 1
github.com/casapps/caspbx/src/server/service/auth.go:221.66,223.4 1 1
github.com/casapps/caspbx/src/server/service/auth.go:224.3,224.35 1 1
github.com/casapps/caspbx/src/server/service/auth.go:227.2,228.23 2 1
github.com/casapps/caspbx/src/server/service/auth.go:228.23,230.3 1 1
github.com/casapps/caspbx/src/server/service/auth.go:232.2,233.78 2 1
github.com/casapps/caspbx/src/server/service/auth.go:236.37,239.2 2 1
github.com/casapps/caspbx/src/server/service/auth.go:241.172,243.22 2 1
github.com/casapps/caspbx/src/server/service/auth.go:243.22,245.3 1 1
github.com/casapps/caspbx/src/server/service/auth.go:246.2,247.25 2 1
github.com/casapps/caspbx/src/server/service/auth.go:247.25,249.3 1 1
github.com/casapps/caspbx/src/server/service/auth.go:250.2,251.28 2 1
github.com/casapps/caspbx/src/server/service/auth.go:254.172,256.22 2 1
github.com/casapps/caspbx/src/server/service/auth.go:256.22,258.3 1 1
github.com/casapps/caspbx/src/server/service/auth.go:259.2,260.25 2 1
github.com/casapps/caspbx/src/server/service/auth.go:260.25,262.3 1 1
github.com/casapps/caspbx/src/server/service/auth.go:263.2,264.27 2 1
github.com/casapps/caspbx/src/server/service/auth.go:267.138,269.22 2 1
github.com/casapps/caspbx/src/server/service/auth.go:269.22,271.3 1 1
github.com/casapps/caspbx/src/server/service/auth.go:272.2,273.23 2 1
github.com/casapps/caspbx/src/server/service/auth.go:273.23,275.3 1 1
github.com/casapps/caspbx/src/server/service/auth.go:276.2,277.26 2 1
github.com/casapps/caspbx/src/server/service/auth.go:280.138,282.22 2 1
github.com/casapps/caspbx/src/server/service/auth.go:282.22,284.3 1 1
github.com/casapps/caspbx/src/server/service/auth.go:285.2,286.23 2 1
github.com/casapps/caspbx/src/server/service/auth.go:286.23,288.3 1 1
github.com/casapps/caspbx/src/server/service/auth.go:289.2,290.25 2 1
github.com/casapps/caspbx/src/server/service/auth.go:293.106,295.2 1 1
github.com/casapps/caspbx/src/server/service/auth.go:297.105,299.2 1 1
github.com/casapps/caspbx/src/server/service/auth.go:301.94,303.24 2 1
github.com/casapps/caspbx/src/server/service/auth.go:303.24,305.3 1 1
github.com/casapps/caspbx/src/server/service/auth.go:306.2,306.19 1 1
github.com/casapps/caspbx/src/server/service/auth.go:309.92,311.24 2 1
github.com/casapps/caspbx/src/server/service/auth.go:311.24,313.3 1 1
github.com/casapps/caspbx/src/server/service/auth.go:314.2,314.18 1 1
github.com/casapps/caspbx/src/server/service/auth.go:317.102,319.2 1 1
github.com/casapps/caspbx/src/server/service/auth.go:321.101,323.2 1 1
github.com/casapps/caspbx/src/server/service/auth.go:325.100,327.2 1 1
github.com/casapps/caspbx/src/server/service/auth.go:329.81,331.2 1 1
github.com/casapps/caspbx/src/server/service/auth.go:333.80,335.2 1 1
github.com/casapps/caspbx/src/server/service/auth.go:337.86,339.2 1 1
github.com/casapps/caspbx/src/server/service/auth.go:341.85,343.2 1 1
github.com/casapps/caspbx/src/server/service/auth.go:345.102,347.2 1 1
github.com/casapps/caspbx/src/server/service/auth.go:349.101,351.2 1 1
github.com/casapps/caspbx/src/server/service/auth.go:353.181,355.23 2 1
github.com/casapps/caspbx/src/server/service/auth.go:355.23,357.3 1 1
github.com/casapps/caspbx/src/server/service/auth.go:359.2,373.22 4 1
github.com/casapps/caspbx/src/server/service/auth.go:373.22,375.3 1 1
github.com/casapps/caspbx/src/server/service/auth.go:377.2,381.8 1 1
github.com/casapps/caspbx/src/server/service/auth.go:384.144,385.36 1 1
github.com/casapps/caspbx/src/server/service/auth.go:385.36,387.3 1 1
github.com/casapps/caspbx/src/server/service/auth.go:389.2,390.24 2 1
github.com/casapps/caspbx/src/server/service/auth.go:390.24,392.3 1 1
github.com/casapps/caspbx/src/server/service/auth.go:393.2,393.38 1 1
github.com/casapps/caspbx/src/server/service/auth.go:393.38,396.3 2 1
github.com/casapps/caspbx/src/server/service/auth.go:397.2,397.38 1 1
github.com/casapps/caspbx/src/server/service/auth.go:397.38,402.23 5 1
github.com/casapps/caspbx/src/server/service/auth.go:402.23,404.4 1 1
github.com/casapps/caspbx/src/server/service/auth.go:405.3,405.25 1 1
github.com/casapps/caspbx/src/server/service/auth.go:407.2,407.21 1 1
github.com/casapps/caspbx/src/server/service/auth.go:410.100,411.36 1 1
github.com/casapps/caspbx/src/server/service/auth.go:411.36,413.3 1 1
github.com/casapps/caspbx/src/server/service/auth.go:414.2,415.24 2 1
github.com/casapps/caspbx/src/server/service/auth.go:415.24,417.3 1 1
github.com/casapps/caspbx/src/server/service/auth.go:418.2,418.12 1 1
github.com/casapps/caspbx/src/server/service/auth.go:421.139,423.24 2 1
github.com/casapps/caspbx/src/server/service/auth.go:423.24,425.3 1 1
github.com/casapps/caspbx/src/server/service/auth.go:426.2,426.20 1 1
github.com/casapps/caspbx/src/server/service/auth.go:426.20,428.3 1 1
github.com/casapps/caspbx/src/server/service/auth.go:430.2,431.37 2 1
github.com/casapps/caspbx/src/server/service/auth.go:431.37,433.3 1 1
github.com/casapps/caspbx/src/server/service/auth.go:435.2,436.75 2 1
github.com/casapps/caspbx/src/server/service/auth.go:436.75,438.3 1 1
github.com/casapps/caspbx/src/server/service/auth.go:440.2,440.31 1 1
github.com/casapps/caspbx/src/server/service/auth.go:443.139,449.48 2 1
github.com/casapps/caspbx/src/server/service/auth.go:450.33,451.69 1 1
github.com/casapps/caspbx/src/server/service/auth.go:452.36,453.72 1 1
github.com/casapps/caspbx/src/server/service/auth.go:454.10,455.52 1 1
github.com/casapps/caspbx/src/server/service/auth.go:458.2,458.24 1 1
github.com/casapps/caspbx/src/server/service/auth.go:458.24,460.3 1 1
github.com/casapps/caspbx/src/server/service/auth.go:461.2,461.19 1 1
github.com/casapps/caspbx/src/server/service/auth.go:461.19,463.3 1 1
github.com/casapps/caspbx/src/server/service/auth.go:465.2,466.37 2 1
github.com/casapps/caspbx/src/server/service/auth.go:466.37,468.3 1 1
github.com/casapps/caspbx/src/server/service/auth.go:470.2,471.73 2 1
github.com/casapps/caspbx/src/server/service/auth.go:471.73,473.3 1 1
github.com/casapps/caspbx/src/server/service/auth.go:475.2,475.30 1 1
github.com/casapps/caspbx/src/server/service/auth.go:478.185,480.24 2 1
github.com/casapps/caspbx/src/server/service/auth.go:480.24,482.3 1 1
github.com/casapps/caspbx/src/server/service/auth.go:484.2,485.23 2 1
github.com/casapps/caspbx/src/server/service/auth.go:485.23,487.3 1 1
github.com/casapps/caspbx/src/server/service/auth.go:489.2,500.13 3 1
github.com/casapps/caspbx/src/server/service/auth.go:500.13,502.3 1 1
github.com/casapps/caspbx/src/server/service/auth.go:504.2,505.22 2 1
github.com/casapps/caspbx/src/server/service/auth.go:505.22,507.3 1 1
github.com/casapps/caspbx/src/server/service/auth.go:509.2,512.8 1 1
github.com/casapps/caspbx/src/server/service/auth.go:515.129,516.87 1 1
github.com/casapps/caspbx/src/server/service/auth.go:516.87,518.3 1 1
github.com/casapps/caspbx/src/server/service/auth.go:520.2,521.24 2 1
github.com/casapps/caspbx/src/server/service/auth.go:521.24,523.3 1 1
github.com/casapps/caspbx/src/server/service/auth.go:524.2,524.42 1 1
github.com/casapps/caspbx/src/server/service/auth.go:524.42,527.3 2 1
github.com/casapps/caspbx/src/server/service/auth.go:529.2,531.22 3 1
github.com/casapps/caspbx/src/server/service/auth.go:531.22,533.3 1 1
github.com/casapps/caspbx/src/server/service/auth.go:534.2,534.24 1 1
github.com/casapps/caspbx/src/server/service/auth.go:537.148,539.25 2 1
github.com/casapps/caspbx/src/server/service/auth.go:539.25,541.3 1 1
github.com/casapps/caspbx/src/server/service/auth.go:543.2,547.46 2 1
github.com/casapps/caspbx/src/server/service/auth.go:547.46,549.25 2 1
github.com/casapps/caspbx/src/server/service/auth.go:549.25,551.4 1 1
github.com/casapps/caspbx/src/server/service/auth.go:552.3,552.62 1 1
github.com/casapps/caspbx/src/server/service/auth.go:552.62,553.9 1 1
github.com/casapps/caspbx/src/server/service/auth.go:556.2,556.61 1 1
github.com/casapps/caspbx/src/server/service/auth.go:556.61,558.3 1 1
github.com/casapps/caspbx/src/server/service/auth.go:559.2,559.111 1 1
github.com/casapps/caspbx/src/server/service/auth.go:559.111,562.3 2 1
github.com/casapps/caspbx/src/server/service/auth.go:563.2,563.28 1 1
github.com/casapps/caspbx/src/server/service/auth.go:566.113,567.87 1 1
github.com/casapps/caspbx/src/server/service/auth.go:567.87,569.3 1 1
github.com/casapps/caspbx/src/server/service/auth.go:570.2,570.106 1 1
github.com/casapps/caspbx/src/server/service/auth.go:570.106,572.3 1 1
github.com/casapps/caspbx/src/server/service/auth.go:573.2,573.12 1 1
github.com/casapps/caspbx/src/server/service/auth.go:576.43,577.35 1 1
github.com/casapps/caspbx/src/server/service/auth.go:577.35,579.3 1 1
github.com/casapps/caspbx/src/server/service/auth.go:580.2,580.32 1 1
github.com/casapps/caspbx/src/server/service/auth.go:583.65,584.15 1 1
github.com/casapps/caspbx/src/server/service/auth.go:585.55,586.15 1 1
github.com/casapps/caspbx/src/server/service/auth.go:587.10,588.32 1 1
github.com/casapps/caspbx/src/server/service/auth.go:592.46,593.21 1 1
github.com/casapps/caspbx/src/server/service/auth.go:593.21,595.3 1 1
github.com/casapps/caspbx/src/server/service/auth.go:596.2,596.18 1 1
github.com/casapps/caspbx/src/server/service/auth.go:599.66,600.19 1 1
github.com/casapps/caspbx/src/server/service/auth.go:601.29,602.21 1 1
github.com/casapps/caspbx/src/server/service/auth.go:603.28,604.21 1 1
github.com/casapps/caspbx/src/server/service/auth.go:605.27,606.21 1 1
github.com/casapps/caspbx/src/server/service/auth.go:607.10,608.33 1 1
github.com/casapps/caspbx/src/server/service/auth.go:612.83,614.24 2 1
github.com/casapps/caspbx/src/server/service/auth.go:614.24,616.3 1 1
github.com/casapps/caspbx/src/server/service/auth.go:618.2,619.83 2 1
github.com/casapps/caspbx/src/server/service/auth.go:619.83,621.3 1 1
github.com/casapps/caspbx/src/server/service/auth.go:622.2,622.50 1 1
github.com/casapps/caspbx/src/server/service/auth.go:622.50,623.83 1 1
github.com/casapps/caspbx/src/server/service/auth.go:623.83,625.4 1 1
github.com/casapps/caspbx/src/server/service/auth.go:627.2,627.12 1 1
github.com/casapps/caspbx/src/server/service/auth.go:630.56,641.2 2 1
github.com/casapps/caspbx/src/server/service/auth.go:643.68,645.98 2 1
github.com/casapps/caspbx/src/server/service/auth.go:645.98,647.3 1 1
github.com/casapps/caspbx/src/server/service/auth.go:648.2,648.85 1 1
github.com/casapps/caspbx/src/server/service/auth.go:648.85,650.3 1 1
github.com/casapps/caspbx/src/server/service/auth.go:652.2,654.22 3 1
github.com/casapps/caspbx/src/server/service/auth.go:654.22,656.3 1 1
github.com/casapps/caspbx/src/server/service/auth.go:657.2,658.22 2 1
github.com/casapps/caspbx/src/server/service/auth.go:658.22,660.3 1 1
github.com/casapps/caspbx/src/server/service/auth.go:661.2,661.24 1 1
github.com/casapps/caspbx/src/server/service/auth.go:664.75,666.66 2 1
github.com/casapps/caspbx/src/server/service/auth.go:666.66,668.3 1 1
github.com/casapps/caspbx/src/server/service/auth.go:669.2,669.57 1 1
github.com/casapps/caspbx/src/server/service/auth.go:672.95,674.17 2 1
github.com/casapps/caspbx/src/server/service/auth.go:674.17,676.3 1 1
github.com/casapps/caspbx/src/server/service/auth.go:678.2,681.28 4 1
github.com/casapps/caspbx/src/server/service/auth.go:681.28,682.7 1 1
github.com/casapps/caspbx/src/server/service/auth.go:682.7,683.73 1 1
github.com/casapps/caspbx/src/server/service/auth.go:683.73,685.5 1 1
github.com/casapps/caspbx/src/server/service/auth.go:686.4,686.30 1 1
github.com/casapps/caspbx/src/server/service/auth.go:686.30,687.13 1 1
github.com/casapps/caspbx/src/server/service/auth.go:689.4,690.9 2 1
github.com/casapps/caspbx/src/server/service/auth.go:694.2,694.37 1 1
github.com/casapps/caspbx/src/server/service/auth.go:697.46,699.66 2 1
github.com/casapps/caspbx/src/server/service/auth.go:699.66,700.19 1 1
github.com/casapps/caspbx/src/server/service/auth.go:702.2,704.112 3 1
github.com/casapps/caspbx/src/server/service/domain.go:49.40,50.16 1 1
github.com/casapps/caspbx/src/server/service/domain.go:50.16,52.3 1 1
github.com/casapps/caspbx/src/server/service/domain.go:53.2,53.20 1 1
github.com/casapps/caspbx/src/server/service/domain.go:56.181,58.45 2 1
github.com/casapps/caspbx/src/server/service/domain.go:58.45,60.27 2 1
github.com/casapps/caspbx/src/server/service/domain.go:60.27,62.4 1 1
github.com/casapps/caspbx/src/server/service/domain.go:65.2,66.37 2 1
github.com/casapps/caspbx/src/server/service/domain.go:66.37,67.22 1 1
github.com/casapps/caspbx/src/server/service/domain.go:67.22,68.12 1 1
github.com/casapps/caspbx/src/server/service/domain.go:70.3,70.56 1 1
github.com/casapps/caspbx/src/server/service/domain.go:73.2,81.38 1 1
github.com/casapps/caspbx/src/server/service/domain.go:81.38,81.65 1 1
github.com/casapps/caspbx/src/server/service/domain.go:83.2,83.33 1 1
github.com/casapps/caspbx/src/server/service/domain.go:83.33,85.3 1 1
github.com/casapps/caspbx/src/server/service/domain.go:86.2,86.22 1 1
github.com/casapps/caspbx/src/server/service/domain.go:89.70,90.44 1 1
github.com/casapps/caspbx/src/server/service/domain.go:90.44,91.22 1 1
github.com/casapps/caspbx/src/server/service/domain.go:91.22,93.4 1 1
github.com/casapps/caspbx/src/server/service/domain.go:97.64,98.44 1 1
github.com/casapps/caspbx/src/server/service/domain.go:98.44,99.17 1 1
github.com/casapps/caspbx/src/server/service/domain.go:99.17,101.4 1 1
github.com/casapps/caspbx/src/server/service/domain.go:105.101,106.44 1 1
github.com/casapps/caspbx/src/server/service/domain.go:106.44,109.3 2 1
github.com/casapps/caspbx/src/server/service/domain.go:112.45,114.2 1 1
github.com/casapps/caspbx/src/server/service/domain.go:116.70,118.36 2 1
github.com/casapps/caspbx/src/server/service/domain.go:118.36,120.3 1 1
github.com/casapps/caspbx/src/server/service/domain.go:121.2,122.45 2 1
github.com/casapps/caspbx/src/server/service/domain.go:122.45,124.3 1 1
github.com/casapps/caspbx/src/server/service/domain.go:126.2,127.40 2 1
github.com/casapps/caspbx/src/server/service/domain.go:127.40,129.3 1 1
github.com/casapps/caspbx/src/server/service/domain.go:129.8,129.25 1 1
github.com/casapps/caspbx/src/server/service/domain.go:129.25,131.3 1 1
github.com/casapps/caspbx/src/server/service/domain.go:133.2,137.3 1 1
github.com/casapps/caspbx/src/server/service/domain.go:140.123,142.2 1 1
github.com/casapps/caspbx/src/server/service/domain.go:144.130,146.2 1 1
github.com/casapps/caspbx/src/server/service/domain.go:148.111,150.2 1 1
github.com/casapps/caspbx/src/server/service/domain.go:152.118,154.2 1 1
github.com/casapps/caspbx/src/server/service/domain.go:156.126,158.2 1 1
github.com/casapps/caspbx/src/server/service/domain.go:160.133,162.2 1 1
github.com/casapps/caspbx/src/server/service/domain.go:164.107,166.2 1 1
github.com/casapps/caspbx/src/server/service/domain.go:168.114,170.2 1 1
github.com/casapps/caspbx/src/server/service/domain.go:172.176,174.2 1 1
github.com/casapps/caspbx/src/server/service/domain.go:176.183,178.2 1 1
github.com/casapps/caspbx/src/server/service/domain.go:180.129,182.2 1 1
github.com/casapps/caspbx/src/server/service/domain.go:184.136,186.2 1 1
github.com/casapps/caspbx/src/server/service/domain.go:188.93,190.22 2 1
github.com/casapps/caspbx/src/server/service/domain.go:190.22,192.3 1 1
github.com/casapps/caspbx/src/server/service/domain.go:193.2,194.21 2 1
github.com/casapps/caspbx/src/server/service/domain.go:197.108,199.2 1 1
github.com/casapps/caspbx/src/server/service/domain.go:201.127,203.24 2 1
github.com/casapps/caspbx/src/server/service/domain.go:203.24,205.3 1 1
github.com/casapps/caspbx/src/server/service/domain.go:206.2,209.52 4 1
github.com/casapps/caspbx/src/server/service/domain.go:212.114,214.24 2 1
github.com/casapps/caspbx/src/server/service/domain.go:214.24,216.3 1 1
github.com/casapps/caspbx/src/server/service/domain.go:217.2,218.67 2 1
github.com/casapps/caspbx/src/server/service/domain.go:218.67,220.3 1 1
github.com/casapps/caspbx/src/server/service/domain.go:220.8,222.3 1 1
github.com/casapps/caspbx/src/server/service/domain.go:223.2,224.52 2 1
github.com/casapps/caspbx/src/server/service/domain.go:227.113,229.24 2 1
github.com/casapps/caspbx/src/server/service/domain.go:229.24,231.3 1 1
github.com/casapps/caspbx/src/server/service/domain.go:232.2,232.24 1 1
github.com/casapps/caspbx/src/server/service/domain.go:232.24,234.3 1 1
github.com/casapps/caspbx/src/server/service/domain.go:235.2,237.31 3 1
github.com/casapps/caspbx/src/server/service/domain.go:237.31,239.3 1 1
github.com/casapps/caspbx/src/server/service/domain.go:240.2,241.52 2 1
[...]
github.com/casapps/caspbx/src/server/handler/pbx.go:348.3,348.68 1 1
github.com/casapps/caspbx/src/server/handler/pbx.go:349.10,350.86 1 1
github.com/casapps/caspbx/src/server/handler/pbx.go:354.86,356.2 1 1
github.com/casapps/caspbx/src/server/handler/pbx.go:358.89,360.2 1 1
github.com/casapps/caspbx/src/server/handler/pbx.go:362.94,363.24 1 1
github.com/casapps/caspbx/src/server/handler/pbx.go:364.20,365.59 1 1
github.com/casapps/caspbx/src/server/handler/pbx.go:366.16,367.55 1 1
github.com/casapps/caspbx/src/server/handler/pbx.go:368.16,369.55 1 1
github.com/casapps/caspbx/src/server/handler/pbx.go:370.16,371.55 1 1
github.com/casapps/caspbx/src/server/handler/pbx.go:372.21,373.60 1 1
github.com/casapps/caspbx/src/server/handler/pbx.go:374.14,375.53 1 1
github.com/casapps/caspbx/src/server/handler/pbx.go:376.28,377.66 1 1
github.com/casapps/caspbx/src/server/handler/pbx.go:378.31,379.69 1 1
github.com/casapps/caspbx/src/server/handler/pbx.go:380.10,381.81 1 1
github.com/casapps/caspbx/src/server/handler/pbx.go:385.89,388.30 3 1
github.com/casapps/caspbx/src/server/handler/pbx.go:389.25,391.32 2 1
github.com/casapps/caspbx/src/server/handler/pbx.go:391.32,393.4 1 1
github.com/casapps/caspbx/src/server/handler/pbx.go:394.23,395.136 1 1
github.com/casapps/caspbx/src/server/handler/pbx.go:396.21,398.32 2 1
github.com/casapps/caspbx/src/server/handler/pbx.go:398.32,400.4 1 1
github.com/casapps/caspbx/src/server/handler/pbx.go:401.19,402.125 1 1
github.com/casapps/caspbx/src/server/handler/pbx.go:403.25,405.32 2 1
github.com/casapps/caspbx/src/server/handler/pbx.go:405.32,407.4 1 1
github.com/casapps/caspbx/src/server/handler/pbx.go:408.23,409.129 1 1
github.com/casapps/caspbx/src/server/handler/pbx.go:410.21,412.32 2 1
github.com/casapps/caspbx/src/server/handler/pbx.go:412.32,414.4 1 1
github.com/casapps/caspbx/src/server/handler/pbx.go:415.19,416.91 1 1
github.com/casapps/caspbx/src/server/handler/pbx.go:417.26,419.32 2 1
github.com/casapps/caspbx/src/server/handler/pbx.go:419.32,421.4 1 1
github.com/casapps/caspbx/src/server/handler/pbx.go:422.24,423.96 1 1
github.com/casapps/caspbx/src/server/handler/pbx.go:424.19,426.32 2 1
github.com/casapps/caspbx/src/server/handler/pbx.go:426.32,428.4 1 1
github.com/casapps/caspbx/src/server/handler/pbx.go:429.17,430.112 1 1
github.com/casapps/caspbx/src/server/handler/pbx.go:431.32,433.32 2 1
github.com/casapps/caspbx/src/server/handler/pbx.go:433.32,435.4 1 1
github.com/casapps/caspbx/src/server/handler/pbx.go:436.30,437.141 1 1
github.com/casapps/caspbx/src/server/handler/pbx.go:438.35,440.32 2 1
github.com/casapps/caspbx/src/server/handler/pbx.go:440.32,442.4 1 1
github.com/casapps/caspbx/src/server/handler/pbx.go:443.33,444.125 1 1
github.com/casapps/caspbx/src/server/handler/pbx.go:448.96,452.44 4 1
github.com/casapps/caspbx/src/server/handler/pbx.go:452.44,454.3 1 1
github.com/casapps/caspbx/src/server/handler/pbx.go:455.2,455.32 1 1
github.com/casapps/caspbx/src/server/handler/pbx.go:455.32,457.46 2 1
github.com/casapps/caspbx/src/server/handler/pbx.go:457.46,459.4 1 1
github.com/casapps/caspbx/src/server/handler/pbx.go:461.2,461.34 1 1
github.com/casapps/caspbx/src/server/handler/pbx.go:461.34,463.50 2 1
github.com/casapps/caspbx/src/server/handler/pbx.go:463.50,465.4 1 1
github.com/casapps/caspbx/src/server/handler/pbx.go:467.2,467.30 1 1
github.com/casapps/caspbx/src/server/handler/pbx.go:467.30,469.42 2 1
github.com/casapps/caspbx/src/server/handler/pbx.go:469.42,471.4 1 1
github.com/casapps/caspbx/src/server/handler/pbx.go:475.69,476.72 1 1
github.com/casapps/caspbx/src/server/handler/pbx.go:476.72,478.66 2 1
github.com/casapps/caspbx/src/server/handler/pbx.go:478.66,480.4 1 1
github.com/casapps/caspbx/src/server/handler/pbx.go:481.3,487.9 1 1
github.com/casapps/caspbx/src/server/handler/pbx.go:489.2,489.38 1 1
github.com/casapps/caspbx/src/server/handler/pbx.go:489.38,491.3 1 1
github.com/casapps/caspbx/src/server/handler/pbx.go:492.2,498.8 1 1
github.com/casapps/caspbx/src/server/handler/pbx.go:501.61,502.72 1 1
github.com/casapps/caspbx/src/server/handler/pbx.go:502.72,504.66 2 1
github.com/casapps/caspbx/src/server/handler/pbx.go:504.66,506.4 1 1
github.com/casapps/caspbx/src/server/handler/pbx.go:507.3,512.9 1 1
github.com/casapps/caspbx/src/server/handler/pbx.go:514.2,514.38 1 1
github.com/casapps/caspbx/src/server/handler/pbx.go:514.38,516.3 1 1
github.com/casapps/caspbx/src/server/handler/pbx.go:517.2,522.8 1 1
github.com/casapps/caspbx/src/server/handler/pbx.go:525.65,526.72 1 1
github.com/casapps/caspbx/src/server/handler/pbx.go:526.72,528.66 2 1
github.com/casapps/caspbx/src/server/handler/pbx.go:528.66,530.4 1 1
github.com/casapps/caspbx/src/server/handler/pbx.go:531.3,536.9 1 1
github.com/casapps/caspbx/src/server/handler/pbx.go:538.2,538.38 1 1
github.com/casapps/caspbx/src/server/handler/pbx.go:538.38,540.3 1 1
github.com/casapps/caspbx/src/server/handler/pbx.go:541.2,546.8 1 1
github.com/casapps/caspbx/src/server/handler/pbx.go:549.61,550.72 1 1
github.com/casapps/caspbx/src/server/handler/pbx.go:550.72,552.66 2 1
github.com/casapps/caspbx/src/server/handler/pbx.go:552.66,554.4 1 1
github.com/casapps/caspbx/src/server/handler/pbx.go:555.3,559.9 1 1
github.com/casapps/caspbx/src/server/handler/pbx.go:561.2,561.38 1 1
github.com/casapps/caspbx/src/server/handler/pbx.go:561.38,563.3 1 1
github.com/casapps/caspbx/src/server/handler/pbx.go:564.2,568.8 1 1
github.com/casapps/caspbx/src/server/handler/pbx.go:571.71,572.72 1 1
github.com/casapps/caspbx/src/server/handler/pbx.go:572.72,574.66 2 1
github.com/casapps/caspbx/src/server/handler/pbx.go:574.66,576.4 1 1
github.com/casapps/caspbx/src/server/handler/pbx.go:577.3,581.9 1 1
github.com/casapps/caspbx/src/server/handler/pbx.go:583.2,583.38 1 1
github.com/casapps/caspbx/src/server/handler/pbx.go:583.38,585.3 1 1
github.com/casapps/caspbx/src/server/handler/pbx.go:586.2,590.8 1 1
github.com/casapps/caspbx/src/server/handler/pbx.go:593.57,594.72 1 1
github.com/casapps/caspbx/src/server/handler/pbx.go:594.72,596.66 2 1
github.com/casapps/caspbx/src/server/handler/pbx.go:596.66,598.4 1 1
github.com/casapps/caspbx/src/server/handler/pbx.go:599.3,604.9 1 1
github.com/casapps/caspbx/src/server/handler/pbx.go:606.2,606.38 1 1
github.com/casapps/caspbx/src/server/handler/pbx.go:606.38,608.3 1 1
github.com/casapps/caspbx/src/server/handler/pbx.go:609.2,615.8 2 1
github.com/casapps/caspbx/src/server/handler/pbx.go:618.83,619.72 1 1
github.com/casapps/caspbx/src/server/handler/pbx.go:619.72,621.66 2 1
github.com/casapps/caspbx/src/server/handler/pbx.go:621.66,623.4 1 1
github.com/casapps/caspbx/src/server/handler/pbx.go:624.3,629.9 1 1
github.com/casapps/caspbx/src/server/handler/pbx.go:631.2,631.38 1 1
github.com/casapps/caspbx/src/server/handler/pbx.go:631.38,633.3 1 1
github.com/casapps/caspbx/src/server/handler/pbx.go:634.2,639.8 1 1
github.com/casapps/caspbx/src/server/handler/pbx.go:642.89,643.72 1 1
github.com/casapps/caspbx/src/server/handler/pbx.go:643.72,645.66 2 1
github.com/casapps/caspbx/src/server/handler/pbx.go:645.66,647.4 1 1
github.com/casapps/caspbx/src/server/handler/pbx.go:648.3,653.9 1 1
github.com/casapps/caspbx/src/server/handler/pbx.go:655.2,655.38 1 1
github.com/casapps/caspbx/src/server/handler/pbx.go:655.38,657.3 1 1
github.com/casapps/caspbx/src/server/handler/pbx.go:658.2,663.8 1 1
github.com/casapps/caspbx/src/server/handler/pbx.go:666.38,667.36 1 1
github.com/casapps/caspbx/src/server/handler/pbx.go:667.36,669.3 1 1
github.com/casapps/caspbx/src/server/handler/pbx.go:670.2,672.29 3 1
github.com/casapps/caspbx/src/server/handler/pbx.go:672.29,673.56 1 1
github.com/casapps/caspbx/src/server/handler/pbx.go:673.56,675.4 1 1
github.com/casapps/caspbx/src/server/handler/pbx.go:677.2,677.15 1 1
github.com/casapps/caspbx/src/server/handler/user.go:20.215,22.35 2 1
github.com/casapps/caspbx/src/server/handler/user.go:22.35,24.3 1 1
github.com/casapps/caspbx/src/server/handler/user.go:25.2,31.3 1 1
github.com/casapps/caspbx/src/server/handler/user.go:34.78,36.116 2 1
github.com/casapps/caspbx/src/server/handler/user.go:36.116,39.3 2 1
github.com/casapps/caspbx/src/server/handler/user.go:41.2,42.23 2 1
github.com/casapps/caspbx/src/server/handler/user.go:42.23,45.3 2 1
github.com/casapps/caspbx/src/server/handler/user.go:47.2,48.25 2 1
github.com/casapps/caspbx/src/server/handler/user.go:48.25,52.3 3 1
github.com/casapps/caspbx/src/server/handler/user.go:54.2,55.22 2 1
github.com/casapps/caspbx/src/server/handler/user.go:55.22,58.3 2 1
github.com/casapps/caspbx/src/server/handler/user.go:60.2,60.22 1 1
github.com/casapps/caspbx/src/server/handler/user.go:61.21,62.42 1 1
github.com/casapps/caspbx/src/server/handler/user.go:62.42,72.4 2 1
github.com/casapps/caspbx/src/server/handler/user.go:74.3,75.143 2 1
github.com/casapps/caspbx/src/server/handler/user.go:76.10,77.65 1 1
github.com/casapps/caspbx/src/server/handler/user.go:77.65,80.4 2 1
github.com/casapps/caspbx/src/server/handler/user.go:81.3,81.79 1 1
github.com/casapps/caspbx/src/server/handler/user.go:81.79,84.4 2 1
github.com/casapps/caspbx/src/server/handler/user.go:85.3,85.22 1 1
github.com/casapps/caspbx/src/server/handler/user_communications.go:40.86,42.20 2 1
github.com/casapps/caspbx/src/server/handler/user_communications.go:43.111,44.59 1 1
github.com/casapps/caspbx/src/server/handler/user_communications.go:46.2,46.30 1 1
github.com/casapps/caspbx/src/server/handler/user_communications.go:46.30,48.3 1 1
github.com/casapps/caspbx/src/server/handler/user_communications.go:49.2,49.48 1 1
github.com/casapps/caspbx/src/server/handler/user_communications.go:49.48,51.27 2 1
github.com/casapps/caspbx/src/server/handler/user_communications.go:51.27,53.4 1 1
github.com/casapps/caspbx/src/server/handler/user_communications.go:55.2,55.40 1 1
github.com/casapps/caspbx/src/server/handler/user_communications.go:58.79,60.9 2 1
github.com/casapps/caspbx/src/server/handler/user_communications.go:60.9,63.3 2 1
github.com/casapps/caspbx/src/server/handler/user_communications.go:64.2,64.33 1 1
github.com/casapps/caspbx/src/server/handler/user_communications.go:65.31,66.127 1 1
github.com/casapps/caspbx/src/server/handler/user_communications.go:67.62,68.125 1 1
github.com/casapps/caspbx/src/server/handler/user_communications.go:69.10,70.136 1 1
github.com/casapps/caspbx/src/server/handler/user_communications.go:74.164,75.23 1 1
github.com/casapps/caspbx/src/server/handler/user_communications.go:76.18,77.65 1 1
github.com/casapps/caspbx/src/server/handler/user_communications.go:78.33,79.59 1 1
github.com/casapps/caspbx/src/server/handler/user_communications.go:80.10,81.64 1 1
github.com/casapps/caspbx/src/server/handler/user_communications.go:81.64,84.4 2 1
github.com/casapps/caspbx/src/server/handler/user_communications.go:85.3,86.17 2 1
github.com/casapps/caspbx/src/server/handler/user_communications.go:86.17,89.4 2 1
github.com/casapps/caspbx/src/server/handler/user_communications.go:90.3,90.42 1 1
github.com/casapps/caspbx/src/server/handler/user_communications.go:90.42,93.4 2 1
github.com/casapps/caspbx/src/server/handler/user_communications.go:94.3,94.68 1 1
github.com/casapps/caspbx/src/server/handler/user_communications.go:98.198,99.23 1 1
github.com/casapps/caspbx/src/server/handler/user_communications.go:100.18,101.79 1 1
github.com/casapps/caspbx/src/server/handler/user_communications.go:102.33,103.73 1 1
github.com/casapps/caspbx/src/server/handler/user_communications.go:104.10,105.34 1 1
github.com/casapps/caspbx/src/server/handler/user_communications.go:105.34,107.4 1 1
github.com/casapps/caspbx/src/server/handler/user_communications.go:108.3,109.17 2 1
github.com/casapps/caspbx/src/server/handler/user_communications.go:109.17,112.4 2 1
github.com/casapps/caspbx/src/server/handler/user_communications.go:113.3,113.177 1 1
github.com/casapps/caspbx/src/server/handler/user_communications.go:117.158,118.18 1 1
github.com/casapps/caspbx/src/server/handler/user_communications.go:119.39,121.17 2 1
github.com/casapps/caspbx/src/server/handler/user_communications.go:121.17,124.4 2 1
github.com/casapps/caspbx/src/server/handler/user_communications.go:125.3,125.42 1 1
github.com/casapps/caspbx/src/server/handler/user_communications.go:125.42,128.4 2 1
github.com/casapps/caspbx/src/server/handler/user_communications.go:129.3,129.68 1 1
github.com/casapps/caspbx/src/server/handler/user_communications.go:130.23,131.18 1 1
github.com/casapps/caspbx/src/server/handler/user_communications.go:131.18,134.4 2 1
github.com/casapps/caspbx/src/server/handler/user_communications.go:135.3,136.17 2 1
github.com/casapps/caspbx/src/server/handler/user_communications.go:136.17,139.4 2 1
github.com/casapps/caspbx/src/server/handler/user_communications.go:140.3,141.17 2 1
github.com/casapps/caspbx/src/server/handler/user_communications.go:141.17,144.4 2 1
github.com/casapps/caspbx/src/server/handler/user_communications.go:145.3,145.42 1 1
github.com/casapps/caspbx/src/server/handler/user_communications.go:145.42,148.4 2 1
github.com/casapps/caspbx/src/server/handler/user_communications.go:149.3,149.71 1 1
github.com/casapps/caspbx/src/server/handler/user_communications.go:150.25,151.19 1 1
github.com/casapps/caspbx/src/server/handler/user_communications.go:151.19,154.4 2 1
github.com/casapps/caspbx/src/server/handler/user_communications.go:155.3,155.100 1 1
github.com/casapps/caspbx/src/server/handler/user_communications.go:155.100,158.4 2 1
github.com/casapps/caspbx/src/server/handler/user_communications.go:159.3,159.95 1 1
github.com/casapps/caspbx/src/server/handler/user_communications.go:160.10,161.45 1 1
github.com/casapps/caspbx/src/server/handler/user_communications.go:165.192,166.18 1 1
github.com/casapps/caspbx/src/server/handler/user_communications.go:167.39,169.17 2 1
github.com/casapps/caspbx/src/server/handler/user_communications.go:169.17,172.4 2 1
github.com/casapps/caspbx/src/server/handler/user_communications.go:173.3,173.177 1 1
github.com/casapps/caspbx/src/server/handler/user_communications.go:174.23,175.18 1 1
github.com/casapps/caspbx/src/server/handler/user_communications.go:175.18,178.4 2 1
github.com/casapps/caspbx/src/server/handler/user_communications.go:179.3,180.17 2 1
github.com/casapps/caspbx/src/server/handler/user_communications.go:180.17,183.4 2 1
github.com/casapps/caspbx/src/server/handler/user_communications.go:184.3,185.17 2 1
github.com/casapps/caspbx/src/server/handler/user_communications.go:185.17,188.4 2 1
github.com/casapps/caspbx/src/server/handler/user_communications.go:189.3,189.185 1 1
github.com/casapps/caspbx/src/server/handler/user_communications.go:190.25,191.19 1 1
github.com/casapps/caspbx/src/server/handler/user_communications.go:191.19,194.4 2 1
github.com/casapps/caspbx/src/server/handler/user_communications.go:195.3,195.100 1 1
github.com/casapps/caspbx/src/server/handler/user_communications.go:195.100,198.4 2 1
github.com/casapps/caspbx/src/server/handler/user_communications.go:199.3,199.95 1 1
github.com/casapps/caspbx/src/server/handler/user_communications.go:200.10,201.45 1 1
github.com/casapps/caspbx/src/server/handler/user_communications.go:205.129,206.18 1 1
github.com/casapps/caspbx/src/server/handler/user_communications.go:207.39,209.17 2 1
github.com/casapps/caspbx/src/server/handler/user_communications.go:209.17,212.4 2 1
github.com/casapps/caspbx/src/server/handler/user_communications.go:213.3,213.42 1 1
github.com/casapps/caspbx/src/server/handler/user_communications.go:213.42,216.4 2 1
github.com/casapps/caspbx/src/server/handler/user_communications.go:217.3,217.80 1 1
github.com/casapps/caspbx/src/server/handler/user_communications.go:218.23,220.17 2 1
github.com/casapps/caspbx/src/server/handler/user_communications.go:220.17,223.4 2 1
github.com/casapps/caspbx/src/server/handler/user_communications.go:224.3,225.17 2 1
github.com/casapps/caspbx/src/server/handler/user_communications.go:225.17,228.4 2 1
github.com/casapps/caspbx/src/server/handler/user_communications.go:229.3,229.42 1 1
github.com/casapps/caspbx/src/server/handler/user_communications.go:229.42,232.4 2 1
github.com/casapps/caspbx/src/server/handler/user_communications.go:233.3,233.83 1 1
github.com/casapps/caspbx/src/server/handler/user_communications.go:234.10,235.45 1 1
github.com/casapps/caspbx/src/server/handler/user_communications.go:239.163,240.18 1 1
github.com/casapps/caspbx/src/server/handler/user_communications.go:241.39,243.17 2 1
github.com/casapps/caspbx/src/server/handler/user_communications.go:243.17,246.4 2 1
github.com/casapps/caspbx/src/server/handler/user_communications.go:247.3,247.189 1 1
github.com/casapps/caspbx/src/server/handler/user_communications.go:248.23,250.17 2 1
github.com/casapps/caspbx/src/server/handler/user_communications.go:250.17,253.4 2 1
github.com/casapps/caspbx/src/server/handler/user_communications.go:254.3,255.17 2 1
github.com/casapps/caspbx/src/server/handler/user_communications.go:255.17,258.4 2 1
github.com/casapps/caspbx/src/server/handler/user_communications.go:259.3,259.192 1 1
github.com/casapps/caspbx/src/server/handler/user_communications.go:260.10,261.45 1 1
github.com/casapps/caspbx/src/server/handler/user_communications.go:265.171,266.23 1 1
github.com/casapps/caspbx/src/server/handler/user_communications.go:267.19,268.53 1 1
github.com/casapps/caspbx/src/server/handler/user_communications.go:269.18,270.18 1 1
github.com/casapps/caspbx/src/server/handler/user_communications.go:270.18,272.4 1 1
github.com/casapps/caspbx/src/server/handler/user_communications.go:273.3,273.56 1 1
github.com/casapps/caspbx/src/server/handler/user_communications.go:274.22,275.59 1 1
github.com/casapps/caspbx/src/server/handler/user_communications.go:276.19,277.58 1 1
github.com/casapps/caspbx/src/server/handler/user_communications.go:278.18,279.56 1 1
github.com/casapps/caspbx/src/server/handler/user_communications.go:280.18,281.52 1 1
github.com/casapps/caspbx/src/server/handler/user_communications.go:282.18,283.52 1 1
github.com/casapps/caspbx/src/server/handler/user_communications.go:284.33,285.55 1 1
github.com/casapps/caspbx/src/server/handler/user_communications.go:286.10,287.110 1 1
github.com/casapps/caspbx/src/server/handler/user_communications.go:291.73,292.109 1 1
github.com/casapps/caspbx/src/server/handler/user_communications.go:292.109,295.70 3 1
github.com/casapps/caspbx/src/server/handler/user_communications.go:295.70,297.4 1 1
github.com/casapps/caspbx/src/server/handler/user_communications.go:298.3,304.9 1 1
github.com/casapps/caspbx/src/server/handler/user_communications.go:306.2,306.38 1 1
github.com/casapps/caspbx/src/server/handler/user_communications.go:306.38,308.3 1 1
github.com/casapps/caspbx/src/server/handler/user_communications.go:309.2,315.8 1 1
github.com/casapps/caspbx/src/server/handler/user_communications.go:318.101,319.109 1 1
github.com/casapps/caspbx/src/server/handler/user_communications.go:319.109,322.70 3 1
github.com/casapps/caspbx/src/server/handler/user_communications.go:322.70,324.4 1 1
github.com/casapps/caspbx/src/server/handler/user_communications.go:325.3,334.9 1 1
github.com/casapps/caspbx/src/server/handler/user_communications.go:336.2,336.38 1 1
github.com/casapps/caspbx/src/server/handler/user_communications.go:336.38,338.3 1 1
github.com/casapps/caspbx/src/server/handler/user_communications.go:339.2,348.8 1 1
github.com/casapps/caspbx/src/server/handler/user_communications.go:351.99,354.2 2 1
github.com/casapps/caspbx/src/server/handler/user_communications.go:356.49,359.2 2 1
github.com/casapps/caspbx/src/server/handler/user_communications.go:361.36,364.33 3 1
github.com/casapps/caspbx/src/server/handler/user_communications.go:364.33,365.17 1 1
github.com/casapps/caspbx/src/server/handler/user_communications.go:365.17,366.12 1 1
github.com/casapps/caspbx/src/server/handler/user_communications.go:368.3,368.49 1 1
github.com/casapps/caspbx/src/server/handler/user_communications.go:370.2,370.15 1 1
