mode: set
github.com/casapps/caspbx/src/server/handler/admin.go:19.121,25.2 1 1
github.com/casapps/caspbx/src/server/handler/admin.go:27.79,28.82 1 1
github.com/casapps/caspbx/src/server/handler/admin.go:29.10,30.27 1 1
github.com/casapps/caspbx/src/server/handler/admin.go:31.37,32.30 1 1
github.com/casapps/caspbx/src/server/handler/admin.go:33.58,34.53 1 1
github.com/casapps/caspbx/src/server/handler/admin.go:35.10,36.79 1 1
github.com/casapps/caspbx/src/server/handler/admin.go:36.79,39.4 2 1
github.com/casapps/caspbx/src/server/handler/admin.go:40.3,40.116 1 1
github.com/casapps/caspbx/src/server/handler/admin.go:40.116,43.4 2 1
github.com/casapps/caspbx/src/server/handler/admin.go:44.3,44.22 1 1
github.com/casapps/caspbx/src/server/handler/admin.go:48.80,49.18 1 1
github.com/casapps/caspbx/src/server/handler/admin.go:50.39,52.18 2 1
github.com/casapps/caspbx/src/server/handler/admin.go:52.18,58.4 2 1
github.com/casapps/caspbx/src/server/handler/admin.go:60.3,65.5 1 1
github.com/casapps/caspbx/src/server/handler/admin.go:66.23,68.24 2 1
github.com/casapps/caspbx/src/server/handler/admin.go:68.24,71.4 2 1
github.com/casapps/caspbx/src/server/handler/admin.go:73.3,74.23 2 1
github.com/casapps/caspbx/src/server/handler/admin.go:74.23,77.4 2 1
github.com/casapps/caspbx/src/server/handler/admin.go:79.3,86.5 2 1
github.com/casapps/caspbx/src/server/handler/admin.go:87.10,88.45 1 1
github.com/casapps/caspbx/src/server/handler/admin.go:92.83,93.63 1 1
github.com/casapps/caspbx/src/server/handler/admin.go:93.63,96.3 2 1
github.com/casapps/caspbx/src/server/handler/admin.go:98.2,99.17 2 1
github.com/casapps/caspbx/src/server/handler/admin.go:99.17,102.3 2 1
github.com/casapps/caspbx/src/server/handler/admin.go:104.2,104.41 1 1
github.com/casapps/caspbx/src/server/handler/admin.go:104.41,113.3 2 1
github.com/casapps/caspbx/src/server/handler/admin.go:115.2,116.136 2 1
github.com/casapps/caspbx/src/server/handler/admin.go:119.113,120.63 1 1
github.com/casapps/caspbx/src/server/handler/admin.go:120.63,123.3 2 1
github.com/casapps/caspbx/src/server/handler/admin.go:125.2,126.17 2 1
github.com/casapps/caspbx/src/server/handler/admin.go:126.17,129.3 2 1
github.com/casapps/caspbx/src/server/handler/admin.go:131.2,131.41 1 1
github.com/casapps/caspbx/src/server/handler/admin.go:131.41,139.3 2 1
github.com/casapps/caspbx/src/server/handler/admin.go:141.2,142.80 2 1
github.com/casapps/caspbx/src/server/handler/admin.go:145.94,147.23 2 1
github.com/casapps/caspbx/src/server/handler/admin.go:147.23,149.3 1 1
github.com/casapps/caspbx/src/server/handler/admin.go:151.2,152.25 2 1
github.com/casapps/caspbx/src/server/handler/admin.go:152.25,154.3 1 1
github.com/casapps/caspbx/src/server/handler/admin.go:156.2,157.23 2 1
github.com/casapps/caspbx/src/server/handler/admin.go:157.23,159.3 1 1
github.com/casapps/caspbx/src/server/handler/admin.go:161.2,161.29 1 1
github.com/casapps/caspbx/src/server/handler/api.go:23.113,24.71 1 1
github.com/casapps/caspbx/src/server/handler/api.go:24.71,25.34 1 1
github.com/casapps/caspbx/src/server/handler/api.go:25.34,27.4 1 1
github.com/casapps/caspbx/src/server/handler/api.go:29.3,35.42 2 1
github.com/casapps/caspbx/src/server/handler/api.go:35.42,38.4 2 1
github.com/casapps/caspbx/src/server/handler/api.go:40.3,41.124 2 1
github.com/casapps/caspbx/src/server/handler/api.go:45.69,47.2 1 1
github.com/casapps/caspbx/src/server/handler/api.go:49.77,50.71 1 1
github.com/casapps/caspbx/src/server/handler/api.go:50.71,51.34 1 1
github.com/casapps/caspbx/src/server/handler/api.go:51.34,53.4 1 1
github.com/casapps/caspbx/src/server/handler/api.go:55.3,60.69 2 1
github.com/casapps/caspbx/src/server/handler/api.go:60.69,65.4 4 1
github.com/casapps/caspbx/src/server/handler/api.go:67.3,67.52 1 1
github.com/casapps/caspbx/src/server/handler/api.go:71.72,72.18 1 1
github.com/casapps/caspbx/src/server/handler/api.go:73.39,74.14 1 1
github.com/casapps/caspbx/src/server/handler/api.go:75.10,77.15 2 1
github.com/casapps/caspbx/src/server/handler/api.go:81.66,85.2 3 1
github.com/casapps/caspbx/src/server/handler/api.go:87.44,89.2 1 1
github.com/casapps/caspbx/src/server/handler/api.go:91.82,92.9 1 1
github.com/casapps/caspbx/src/server/handler/api.go:93.46,94.14 1 1
github.com/casapps/caspbx/src/server/handler/api.go:95.52,96.14 1 1
github.com/casapps/caspbx/src/server/handler/api.go:97.58,98.15 1 1
github.com/casapps/caspbx/src/server/handler/api.go:101.2,101.123 1 1
github.com/casapps/caspbx/src/server/handler/api.go:101.123,102.48 1 1
github.com/casapps/caspbx/src/server/handler/api.go:102.48,104.4 1 1
github.com/casapps/caspbx/src/server/handler/api.go:107.2,107.24 1 1
github.com/casapps/caspbx/src/server/handler/api_auth.go:29.131,35.2 1 1
github.com/casapps/caspbx/src/server/handler/api_auth.go:37.90,42.2 1 1
github.com/casapps/caspbx/src/server/handler/api_auth.go:44.91,49.2 1 1
github.com/casapps/caspbx/src/server/handler/api_auth.go:51.81,52.82 1 1
github.com/casapps/caspbx/src/server/handler/api_auth.go:53.15,54.34 1 1
github.com/casapps/caspbx/src/server/handler/api_auth.go:54.34,56.4 1 1
github.com/casapps/caspbx/src/server/handler/api_auth.go:57.3,64.5 1 1
github.com/casapps/caspbx/src/server/handler/api_auth.go:65.15,66.28 1 1
github.com/casapps/caspbx/src/server/handler/api_auth.go:67.18,68.31 1 1
github.com/casapps/caspbx/src/server/handler/api_auth.go:69.16,70.29 1 1
github.com/casapps/caspbx/src/server/handler/api_auth.go:71.17,72.30 1 1
github.com/casapps/caspbx/src/server/handler/api_auth.go:73.142,74.76 1 1
github.com/casapps/caspbx/src/server/handler/api_auth.go:75.10,76.10 1 1
github.com/casapps/caspbx/src/server/handler/api_auth.go:79.45,80.77 1 1
github.com/casapps/caspbx/src/server/handler/api_auth.go:81.11,82.23 1 1
github.com/casapps/caspbx/src/server/handler/api_auth.go:87.83,88.18 1 1
github.com/casapps/caspbx/src/server/handler/api_auth.go:89.39,94.5 1 1
github.com/casapps/caspbx/src/server/handler/api_auth.go:95.23,97.24 2 1
github.com/casapps/caspbx/src/server/handler/api_auth.go:97.24,100.4 2 1
github.com/casapps/caspbx/src/server/handler/api_auth.go:102.3,103.23 2 1
github.com/casapps/caspbx/src/server/handler/api_auth.go:103.23,106.4 2 1
github.com/casapps/caspbx/src/server/handler/api_auth.go:108.3,117.5 1 1
github.com/casapps/caspbx/src/server/handler/api_auth.go:118.10,119.45 1 1
github.com/casapps/caspbx/src/server/handler/api_auth.go:123.86,124.18 1 1
github.com/casapps/caspbx/src/server/handler/api_auth.go:125.39,129.5 1 1
github.com/casapps/caspbx/src/server/handler/api_auth.go:130.23,131.63 1 1
github.com/casapps/caspbx/src/server/handler/api_auth.go:131.63,134.4 2 1
github.com/casapps/caspbx/src/server/handler/api_auth.go:135.3,135.74 1 1
github.com/casapps/caspbx/src/server/handler/api_auth.go:136.10,137.45 1 1
github.com/casapps/caspbx/src/server/handler/api_auth.go:141.84,142.33 1 1
github.com/casapps/caspbx/src/server/handler/api_auth.go:142.33,145.3 2 1
github.com/casapps/caspbx/src/server/handler/api_auth.go:147.2,148.23 2 1
github.com/casapps/caspbx/src/server/handler/api_auth.go:148.23,151.3 2 1
github.com/casapps/caspbx/src/server/handler/api_auth.go:152.2,152.96 1 1
github.com/casapps/caspbx/src/server/handler/api_auth.go:152.96,155.3 2 1
github.com/casapps/caspbx/src/server/handler/api_auth.go:157.2,157.72 1 1
github.com/casapps/caspbx/src/server/handler/api_auth.go:160.85,161.33 1 1
github.com/casapps/caspbx/src/server/handler/api_auth.go:161.33,164.3 2 1
github.com/casapps/caspbx/src/server/handler/api_auth.go:166.2,167.23 2 1
github.com/casapps/caspbx/src/server/handler/api_auth.go:167.23,170.3 2 1
github.com/casapps/caspbx/src/server/handler/api_auth.go:172.2,173.25 2 1
github.com/casapps/caspbx/src/server/handler/api_auth.go:173.25,176.3 2 1
github.com/casapps/caspbx/src/server/handler/api_auth.go:178.2,185.4 1 1
github.com/casapps/caspbx/src/server/handler/api_auth.go:188.81,189.63 1 1
github.com/casapps/caspbx/src/server/handler/api_auth.go:189.63,192.3 2 1
github.com/casapps/caspbx/src/server/handler/api_auth.go:194.2,195.17 2 1
github.com/casapps/caspbx/src/server/handler/api_auth.go:195.17,198.3 2 1
github.com/casapps/caspbx/src/server/handler/api_auth.go:200.2,200.52 1 1
github.com/casapps/caspbx/src/server/handler/api_auth.go:201.21,210.5 1 1
github.com/casapps/caspbx/src/server/handler/api_auth.go:211.10,212.22 1 1
github.com/casapps/caspbx/src/server/handler/api_auth.go:216.82,217.82 1 1
github.com/casapps/caspbx/src/server/handler/api_auth.go:218.10,219.27 1 1
github.com/casapps/caspbx/src/server/handler/api_auth.go:220.37,221.30 1 1
github.com/casapps/caspbx/src/server/handler/api_auth.go:222.58,223.53 1 1
github.com/casapps/caspbx/src/server/handler/api_auth.go:224.10,225.79 1 1
github.com/casapps/caspbx/src/server/handler/api_auth.go:225.79,228.4 2 1
github.com/casapps/caspbx/src/server/handler/api_auth.go:229.3,229.116 1 1
github.com/casapps/caspbx/src/server/handler/api_auth.go:229.116,232.4 2 1
github.com/casapps/caspbx/src/server/handler/api_auth.go:233.3,233.22 1 1
github.com/casapps/caspbx/src/server/handler/api_auth.go:237.83,238.33 1 1
github.com/casapps/caspbx/src/server/handler/api_auth.go:238.33,240.3 1 1
github.com/casapps/caspbx/src/server/handler/api_auth.go:242.2,243.17 2 1
github.com/casapps/caspbx/src/server/handler/api_auth.go:243.17,246.3 2 1
github.com/casapps/caspbx/src/server/handler/api_auth.go:248.2,255.4 1 1
github.com/casapps/caspbx/src/server/handler/api_auth.go:258.86,259.33 1 1
github.com/casapps/caspbx/src/server/handler/api_auth.go:259.33,261.3 1 1
github.com/casapps/caspbx/src/server/handler/api_auth.go:263.2,264.17 2 1
github.com/casapps/caspbx/src/server/handler/api_auth.go:264.17,267.3 2 1
github.com/casapps/caspbx/src/server/handler/api_auth.go:269.2,276.4 1 1
github.com/casapps/caspbx/src/server/handler/api_auth.go:279.116,280.33 1 1
github.com/casapps/caspbx/src/server/handler/api_auth.go:280.33,282.3 1 1
github.com/casapps/caspbx/src/server/handler/api_auth.go:284.2,285.17 2 1
github.com/casapps/caspbx/src/server/handler/api_auth.go:285.17,288.3 2 1
github.com/casapps/caspbx/src/server/handler/api_auth.go:290.2,296.4 1 1
github.com/casapps/caspbx/src/server/handler/api_auth.go:299.95,301.23 2 1
github.com/casapps/caspbx/src/server/handler/api_auth.go:301.23,303.3 1 1
github.com/casapps/caspbx/src/server/handler/api_auth.go:305.2,306.25 2 1
github.com/casapps/caspbx/src/server/handler/api_auth.go:306.25,308.3 1 1
github.com/casapps/caspbx/src/server/handler/api_auth.go:310.2,311.23 2 1
github.com/casapps/caspbx/src/server/handler/api_auth.go:311.23,313.3 1 1
github.com/casapps/caspbx/src/server/handler/api_auth.go:315.2,315.33 1 1
github.com/casapps/caspbx/src/server/handler/api_auth.go:318.92,320.23 2 1
github.com/casapps/caspbx/src/server/handler/api_auth.go:320.23,322.3 1 1
github.com/casapps/caspbx/src/server/handler/api_auth.go:324.2,325.25 2 1
github.com/casapps/caspbx/src/server/handler/api_auth.go:325.25,327.3 1 1
github.com/casapps/caspbx/src/server/handler/api_auth.go:329.2,330.22 2 1
github.com/casapps/caspbx/src/server/handler/api_auth.go:330.22,332.3 1 1
github.com/casapps/caspbx/src/server/handler/api_auth.go:334.2,334.32 1 1
github.com/casapps/caspbx/src/server/handler/api_auth.go:337.55,339.25 2 1
github.com/casapps/caspbx/src/server/handler/api_auth.go:339.25,341.3 1 1
github.com/casapps/caspbx/src/server/handler/api_auth.go:343.2,344.105 2 1
github.com/casapps/caspbx/src/server/handler/api_auth.go:344.105,346.3 1 1
github.com/casapps/caspbx/src/server/handler/api_auth.go:348.2,348.38 1 1
github.com/casapps/caspbx/src/server/handler/api_auth.go:351.86,352.94 1 1
github.com/casapps/caspbx/src/server/handler/api_auth.go:352.94,355.3 2 1
github.com/casapps/caspbx/src/server/handler/api_auth.go:357.2,360.4 1 1
github.com/casapps/caspbx/src/server/handler/api_auth.go:363.49,364.20 1 1
github.com/casapps/caspbx/src/server/handler/api_auth.go:364.20,366.3 1 1
github.com/casapps/caspbx/src/server/handler/api_auth.go:367.2,367.41 1 1
github.com/casapps/caspbx/src/server/handler/auth.go:36.160,43.2 1 1
github.com/casapps/caspbx/src/server/handler/auth.go:45.78,46.52 1 1
github.com/casapps/caspbx/src/server/handler/auth.go:47.15,48.30 1 1
github.com/casapps/caspbx/src/server/handler/auth.go:49.15,50.28 1 1
github.com/casapps/caspbx/src/server/handler/auth.go:51.18,52.31 1 1
github.com/casapps/caspbx/src/server/handler/auth.go:53.16,54.29 1 1
github.com/casapps/caspbx/src/server/handler/auth.go:55.17,56.30 1 1
github.com/casapps/caspbx/src/server/handler/auth.go:57.10,58.22 1 1
github.com/casapps/caspbx/src/server/handler/auth.go:62.82,63.33 1 1
github.com/casapps/caspbx/src/server/handler/auth.go:63.33,65.3 1 1
github.com/casapps/caspbx/src/server/handler/auth.go:67.2,74.41 2 1
github.com/casapps/caspbx/src/server/handler/auth.go:74.41,77.3 2 1
github.com/casapps/caspbx/src/server/handler/auth.go:79.2,80.175 2 1
github.com/casapps/caspbx/src/server/handler/auth.go:83.80,84.18 1 1
github.com/casapps/caspbx/src/server/handler/auth.go:85.39,91.42 2 1
github.com/casapps/caspbx/src/server/handler/auth.go:91.42,94.4 2 1
github.com/casapps/caspbx/src/server/handler/auth.go:95.3,96.79 2 1
github.com/casapps/caspbx/src/server/handler/auth.go:97.23,99.24 2 1
github.com/casapps/caspbx/src/server/handler/auth.go:99.24,102.4 2 1
github.com/casapps/caspbx/src/server/handler/auth.go:104.3,105.23 2 1
github.com/casapps/caspbx/src/server/handler/auth.go:105.23,108.4 2 1
github.com/casapps/caspbx/src/server/handler/auth.go:110.3,117.5 2 1
github.com/casapps/caspbx/src/server/handler/auth.go:118.10,119.45 1 1
github.com/casapps/caspbx/src/server/handler/auth.go:123.83,124.18 1 1
github.com/casapps/caspbx/src/server/handler/auth.go:125.39,129.5 1 1
github.com/casapps/caspbx/src/server/handler/auth.go:130.23,131.63 1 1
github.com/casapps/caspbx/src/server/handler/auth.go:131.63,134.4 2 1
github.com/casapps/caspbx/src/server/handler/auth.go:135.3,135.111 1 1
github.com/casapps/caspbx/src/server/handler/auth.go:136.10,137.45 1 1
github.com/casapps/caspbx/src/server/handler/auth.go:141.81,142.33 1 1
github.com/casapps/caspbx/src/server/handler/auth.go:142.33,145.3 2 1
github.com/casapps/caspbx/src/server/handler/auth.go:147.2,148.23 2 1
github.com/casapps/caspbx/src/server/handler/auth.go:148.23,151.3 2 1
github.com/casapps/caspbx/src/server/handler/auth.go:152.2,152.98 1 1
github.com/casapps/caspbx/src/server/handler/auth.go:152.98,155.3 2 1
github.com/casapps/caspbx/src/server/handler/auth.go:157.2,158.72 2 1
github.com/casapps/caspbx/src/server/handler/auth.go:161.82,162.33 1 1
github.com/casapps/caspbx/src/server/handler/auth.go:162.33,165.3 2 1
github.com/casapps/caspbx/src/server/handler/auth.go:167.2,168.23 2 1
github.com/casapps/caspbx/src/server/handler/auth.go:168.23,171.3 2 1
github.com/casapps/caspbx/src/server/handler/auth.go:173.2,174.25 2 1
github.com/casapps/caspbx/src/server/handler/auth.go:174.25,178.3 3 1
github.com/casapps/caspbx/src/server/handler/auth.go:180.2,185.4 2 1
github.com/casapps/caspbx/src/server/handler/auth.go:188.70,189.72 1 1
github.com/casapps/caspbx/src/server/handler/auth.go:189.72,191.86 2 1
github.com/casapps/caspbx/src/server/handler/auth.go:191.86,193.4 1 1
github.com/casapps/caspbx/src/server/handler/auth.go:194.3,194.26 1 1
github.com/casapps/caspbx/src/server/handler/auth.go:197.2,197.52 1 1
github.com/casapps/caspbx/src/server/handler/auth.go:197.52,199.3 1 1
github.com/casapps/caspbx/src/server/handler/auth.go:200.2,204.8 1 1
github.com/casapps/caspbx/src/server/handler/auth.go:207.76,209.65 2 1
github.com/casapps/caspbx/src/server/handler/auth.go:209.65,211.3 1 1
github.com/casapps/caspbx/src/server/handler/auth.go:212.2,212.26 1 1
github.com/casapps/caspbx/src/server/handler/auth.go:215.45,216.31 1 1
github.com/casapps/caspbx/src/server/handler/auth.go:216.31,217.37 1 1
github.com/casapps/caspbx/src/server/handler/auth.go:217.37,219.4 1 1
github.com/casapps/caspbx/src/server/handler/auth.go:221.2,221.11 1 1
github.com/casapps/caspbx/src/server/handler/auth.go:224.40,226.24 2 1
github.com/casapps/caspbx/src/server/handler/auth.go:226.24,228.3 1 1
github.com/casapps/caspbx/src/server/handler/auth.go:229.2,229.21 1 1
github.com/casapps/caspbx/src/server/handler/auth.go:232.63,236.2 3 1
github.com/casapps/caspbx/src/server/handler/auth.go:238.39,240.29 2 1
github.com/casapps/caspbx/src/server/handler/auth.go:240.29,242.20 2 1
github.com/casapps/caspbx/src/server/handler/auth.go:242.20,244.4 1 1
github.com/casapps/caspbx/src/server/handler/auth.go:246.2,246.24 1 1
github.com/casapps/caspbx/src/server/handler/auth.go:246.24,248.3 1 1
github.com/casapps/caspbx/src/server/handler/auth.go:249.2,249.42 1 1
github.com/casapps/caspbx/src/server/handler/auth.go:252.111,262.2 1 1
github.com/casapps/caspbx/src/server/handler/auth.go:264.76,275.2 1 1
github.com/casapps/caspbx/src/server/handler/auth.go:277.71,278.28 1 1
github.com/casapps/caspbx/src/server/handler/auth.go:279.16,280.14 1 1
github.com/casapps/caspbx/src/server/handler/auth.go:281.15,282.15 1 1
github.com/casapps/caspbx/src/server/handler/auth.go:283.10,284.87 1 1
github.com/casapps/caspbx/src/server/handler/health.go:20.61,21.71 1 1
github.com/casapps/caspbx/src/server/handler/health.go:21.71,22.34 1 1
github.com/casapps/caspbx/src/server/handler/health.go:22.34,24.4 1 1
github.com/casapps/caspbx/src/server/handler/health.go:26.3,26.69 1 1
github.com/casapps/caspbx/src/server/handler/health.go:26.69,30.4 3 1
github.com/casapps/caspbx/src/server/handler/health.go:32.3,32.40 1 1
github.com/casapps/caspbx/src/server/handler/health.go:36.90,37.71 1 1
github.com/casapps/caspbx/src/server/handler/health.go:37.71,38.34 1 1
github.com/casapps/caspbx/src/server/handler/health.go:38.34,40.4 1 1
github.com/casapps/caspbx/src/server/handler/health.go:42.3,42.69 1 1
github.com/casapps/caspbx/src/server/handler/health.go:42.69,46.4 3 1
github.com/casapps/caspbx/src/server/handler/health.go:48.3,52.5 1 1
github.com/casapps/caspbx/src/server/handler/org.go:45.152,52.2 1 1
github.com/casapps/caspbx/src/server/handler/org.go:54.123,60.2 1 1
github.com/casapps/caspbx/src/server/handler/org.go:62.77,63.33 1 1
github.com/casapps/caspbx/src/server/handler/org.go:63.33,65.3 1 1
github.com/casapps/caspbx/src/server/handler/org.go:67.2,68.12 2 1
github.com/casapps/caspbx/src/server/handler/org.go:68.12,71.3 2 1
github.com/casapps/caspbx/src/server/handler/org.go:73.2,74.45 2 1
github.com/casapps/caspbx/src/server/handler/org.go:74.45,76.3 1 1
github.com/casapps/caspbx/src/server/handler/org.go:78.2,78.22 1 1
github.com/casapps/caspbx/src/server/handler/org.go:79.10,80.40 1 1
github.com/casapps/caspbx/src/server/handler/org.go:81.17,82.40 1 1
github.com/casapps/caspbx/src/server/handler/org.go:83.18,84.24 1 1
github.com/casapps/caspbx/src/server/handler/org.go:84.24,87.4 2 1
github.com/casapps/caspbx/src/server/handler/org.go:88.3,88.45 1 1
github.com/casapps/caspbx/src/server/handler/org.go:88.45,91.4 2 1
github.com/casapps/caspbx/src/server/handler/org.go:92.3,92.59 1 1
github.com/casapps/caspbx/src/server/handler/org.go:93.10,94.22 1 1
github.com/casapps/caspbx/src/server/handler/org.go:98.80,99.33 1 1
github.com/casapps/caspbx/src/server/handler/org.go:99.33,101.3 1 1
github.com/casapps/caspbx/src/server/handler/org.go:103.2,104.12 2 1
github.com/casapps/caspbx/src/server/handler/org.go:104.12,107.3 2 1
github.com/casapps/caspbx/src/server/handler/org.go:109.2,110.45 2 1
github.com/casapps/caspbx/src/server/handler/org.go:110.45,112.3 1 1
github.com/casapps/caspbx/src/server/handler/org.go:114.2,114.9 1 1
github.com/casapps/caspbx/src/server/handler/org.go:115.26,116.58 1 1
github.com/casapps/caspbx/src/server/handler/org.go:117.33,118.40 1 1
github.com/casapps/caspbx/src/server/handler/org.go:119.34,120.24 1 1
github.com/casapps/caspbx/src/server/handler/org.go:120.24,123.4 2 1
github.com/casapps/caspbx/src/server/handler/org.go:124.3,124.45 1 1
github.com/casapps/caspbx/src/server/handler/org.go:124.45,127.4 2 1
github.com/casapps/caspbx/src/server/handler/org.go:128.3,128.59 1 1
github.com/casapps/caspbx/src/server/handler/org.go:129.51,130.85 1 1
github.com/casapps/caspbx/src/server/handler/org.go:131.10,132.22 1 1
github.com/casapps/caspbx/src/server/handler/org.go:136.99,137.21 1 1
github.com/casapps/caspbx/src/server/handler/org.go:138.24,139.14 1 1
github.com/casapps/caspbx/src/server/handler/org.go:140.29,141.95 1 1
github.com/casapps/caspbx/src/server/handler/org.go:142.26,143.78 1 1
github.com/casapps/caspbx/src/server/handler/org.go:144.10,145.22 1 1
github.com/casapps/caspbx/src/server/handler/org.go:147.2,147.14 1 1
github.com/casapps/caspbx/src/server/handler/org.go:150.112,152.22 2 1
github.com/casapps/caspbx/src/server/handler/org.go:152.22,154.3 1 1
github.com/casapps/caspbx/src/server/handler/org.go:156.2,162.17 3 1
github.com/casapps/caspbx/src/server/handler/org.go:162.17,165.3 2 1
github.com/casapps/caspbx/src/server/handler/org.go:167.2,167.88 1 1
github.com/casapps/caspbx/src/server/handler/org.go:167.88,169.3 1 1
github.com/casapps/caspbx/src/server/handler/org.go:171.2,171.33 1 1
github.com/casapps/caspbx/src/server/handler/org.go:174.115,176.22 2 1
github.com/casapps/caspbx/src/server/handler/org.go:176.22,178.3 1 1
github.com/casapps/caspbx/src/server/handler/org.go:180.2,186.15 3 1
github.com/casapps/caspbx/src/server/handler/org.go:186.15,189.3 2 1
github.com/casapps/caspbx/src/server/handler/org.go:191.2,191.67 1 1
github.com/casapps/caspbx/src/server/handler/org.go:191.67,193.3 1 1
github.com/casapps/caspbx/src/server/handler/org.go:194.2,194.23 1 1
github.com/casapps/caspbx/src/server/handler/org.go:194.23,196.3 1 1
github.com/casapps/caspbx/src/server/handler/org.go:198.2,198.33 1 1
github.com/casapps/caspbx/src/server/handler/org.go:201.107,203.23 2 1
github.com/casapps/caspbx/src/server/handler/org.go:203.23,205.3 1 1
github.com/casapps/caspbx/src/server/handler/org.go:207.2,208.25 2 1
github.com/casapps/caspbx/src/server/handler/org.go:208.25,210.3 1 1
github.com/casapps/caspbx/src/server/handler/org.go:212.2,213.24 2 1
github.com/casapps/caspbx/src/server/handler/org.go:213.24,215.3 1 1
github.com/casapps/caspbx/src/server/handler/org.go:217.2,217.21 1 1
github.com/casapps/caspbx/src/server/handler/org.go:220.126,222.23 2 1
github.com/casapps/caspbx/src/server/handler/org.go:222.23,224.3 1 1
github.com/casapps/caspbx/src/server/handler/org.go:226.2,226.38 1 1
github.com/casapps/caspbx/src/server/handler/org.go:226.38,228.26 2 1
github.com/casapps/caspbx/src/server/handler/org.go:228.26,230.4 1 1
github.com/casapps/caspbx/src/server/handler/org.go:231.3,231.32 1 1
github.com/casapps/caspbx/src/server/handler/org.go:231.32,233.4 1 1
github.com/casapps/caspbx/src/server/handler/org.go:234.3,238.28 1 1
github.com/casapps/caspbx/src/server/handler/org.go:241.2,242.25 2 1
github.com/casapps/caspbx/src/server/handler/org.go:242.25,244.3 1 1
github.com/casapps/caspbx/src/server/handler/org.go:246.2,247.24 2 1
github.com/casapps/caspbx/src/server/handler/org.go:247.24,249.3 1 1
github.com/casapps/caspbx/src/server/handler/org.go:251.2,251.39 1 1
github.com/casapps/caspbx/src/server/handler/org.go:254.157,256.21 2 1
github.com/casapps/caspbx/src/server/handler/org.go:256.21,258.3 1 1
github.com/casapps/caspbx/src/server/handler/org.go:260.2,261.22 2 1
github.com/casapps/caspbx/src/server/handler/org.go:261.22,263.3 1 1
github.com/casapps/caspbx/src/server/handler/org.go:264.2,264.36 1 1
github.com/casapps/caspbx/src/server/handler/org.go:264.36,266.3 1 1
github.com/casapps/caspbx/src/server/handler/org.go:268.2,271.22 4 1
github.com/casapps/caspbx/src/server/handler/org.go:271.22,273.3 1 1
github.com/casapps/caspbx/src/server/handler/org.go:275.2,275.44 1 1
github.com/casapps/caspbx/src/server/handler/org.go:278.108,279.41 1 1
github.com/casapps/caspbx/src/server/handler/org.go:279.41,282.3 2 1
github.com/casapps/caspbx/src/server/handler/org.go:284.2,292.3 2 1
github.com/casapps/caspbx/src/server/handler/org.go:295.108,297.25 2 1
github.com/casapps/caspbx/src/server/handler/org.go:297.25,300.3 2 1
github.com/casapps/caspbx/src/server/handler/org.go:302.2,302.41 1 1
github.com/casapps/caspbx/src/server/handler/org.go:302.41,305.3 2 1
github.com/casapps/caspbx/src/server/handler/org.go:307.2,308.98 2 1
github.com/casapps/caspbx/src/server/handler/org.go:311.111,313.25 2 1
github.com/casapps/caspbx/src/server/handler/org.go:313.25,316.3 2 1
github.com/casapps/caspbx/src/server/handler/org.go:318.2,318.100 1 1
github.com/casapps/caspbx/src/server/handler/org.go:321.132,323.23 2 1
github.com/casapps/caspbx/src/server/handler/org.go:323.23,326.3 2 1
github.com/casapps/caspbx/src/server/handler/org.go:328.2,329.66 2 1
github.com/casapps/caspbx/src/server/handler/org.go:329.66,332.3 2 1
github.com/casapps/caspbx/src/server/handler/org.go:334.2,335.22 2 1
github.com/casapps/caspbx/src/server/handler/org.go:335.22,338.3 2 1
github.com/casapps/caspbx/src/server/handler/org.go:339.2,339.72 1 1
github.com/casapps/caspbx/src/server/handler/org.go:339.72,342.3 2 1
github.com/casapps/caspbx/src/server/handler/org.go:344.2,344.138 1 1
github.com/casapps/caspbx/src/server/handler/org.go:347.199,349.24 2 1
github.com/casapps/caspbx/src/server/handler/org.go:349.24,351.3 1 1
github.com/casapps/caspbx/src/server/handler/org.go:353.2,354.33 2 1
github.com/casapps/caspbx/src/server/handler/org.go:354.33,356.23 2 1
github.com/casapps/caspbx/src/server/handler/org.go:356.23,357.12 1 1
github.com/casapps/caspbx/src/server/handler/org.go:359.3,359.71 1 1
github.com/casapps/caspbx/src/server/handler/org.go:359.71,360.12 1 1
github.com/casapps/caspbx/src/server/handler/org.go:362.3,362.151 1 1
github.com/casapps/caspbx/src/server/handler/org.go:365.2,365.28 1 1
github.com/casapps/caspbx/src/server/handler/org.go:368.88,374.2 1 1
github.com/casapps/caspbx/src/server/handler/org.go:376.65,391.2 1 1
github.com/casapps/caspbx/src/server/handler/org.go:393.66,422.2 1 1
github.com/casapps/caspbx/src/server/handler/org.go:424.100,434.2 1 1
github.com/casapps/caspbx/src/server/handler/org.go:436.83,438.24 2 1
github.com/casapps/caspbx/src/server/handler/org.go:438.24,440.3 1 1
github.com/casapps/caspbx/src/server/handler/org.go:442.2,443.58 2 1
github.com/casapps/caspbx/src/server/handler/org.go:443.58,445.3 1 1
github.com/casapps/caspbx/src/server/handler/org.go:446.2,446.21 1 1
github.com/casapps/caspbx/src/server/handler/org.go:446.21,448.3 1 1
github.com/casapps/caspbx/src/server/handler/org.go:450.2,450.53 1 1
github.com/casapps/caspbx/src/server/handler/user.go:17.119,23.2 1 1
github.com/casapps/caspbx/src/server/handler/user.go:25.78,26.63 1 1
github.com/casapps/caspbx/src/server/handler/user.go:26.63,29.3 2 1
github.com/casapps/caspbx/src/server/handler/user.go:31.2,32.23 2 1
github.com/casapps/caspbx/src/server/handler/user.go:32.23,35.3 2 1
github.com/casapps/caspbx/src/server/handler/user.go:37.2,38.25 2 1
github.com/casapps/caspbx/src/server/handler/user.go:38.25,42.3 3 1
github.com/casapps/caspbx/src/server/handler/user.go:44.2,45.22 2 1
github.com/casapps/caspbx/src/server/handler/user.go:45.22,48.3 2 1
github.com/casapps/caspbx/src/server/handler/user.go:50.2,50.52 1 1
github.com/casapps/caspbx/src/server/handler/user.go:51.21,52.42 1 1
github.com/casapps/caspbx/src/server/handler/user.go:52.42,62.4 2 1
github.com/casapps/caspbx/src/server/handler/user.go:64.3,65.143 2 1
github.com/casapps/caspbx/src/server/handler/user.go:66.10,67.22 1 1
